This is e-pTeX, Version 3.14159265-p3.6-141210-2.6 (utf8.euc) (TeX Live 2015/Debian) (preloaded format=platex 2019.1.29)  27 JAN 2021 14:28
entering extended mode
 restricted \write18 enabled.
 Source specials enabled.
 %&-line parsing enabled.
**abstruct.tex
(./abstruct.tex
pLaTeX2e <2006/11/10> (based on LaTeX2e <2016/02/01> patch level 0)
Babel <3.9n> and hyphenation patterns for 80 languages loaded.

! LaTeX Error: Environment abstract undefined.

See the LaTeX manual or LaTeX Companion for explanation.
Type  H <return>  for immediate help.
 ...                                              
                                                  
l.1 \begin{abstract}
                    
Your command was ignored.
Type  I <command> <return>  to replace it with another command,
or  <return>  to continue without it.


! LaTeX Error: Missing \begin{document}.

See the LaTeX manual or LaTeX Companion for explanation.
Type  H <return>  for immediate help.
 ...                                              
                                                  
l.3 産
      業用ロボットはエンドエフェクタと呼ばれる先端部を交換することによって様...

You're in trouble here.  Try typing  <return>  to proceed.
If that doesn't work, type  X <return>  to quit.


Overfull \hbox (29.62216pt too wide) in paragraph at lines 3--5
[][]\JY1/mc/m/n/10 産
 []


Overfull \hbox (9.62216pt too wide) in paragraph at lines 3--5
\JY1/mc/m/n/10 業
 []


Overfull \hbox (9.62216pt too wide) in paragraph at lines 3--5
\JY1/mc/m/n/10 用
 []


Overfull \hbox (9.62216pt too wide) in paragraph at lines 3--5
\JY1/mc/m/n/10 ロ
 []


Overfull \hbox (9.62216pt too wide) in paragraph at lines 3--5
\JY1/mc/m/n/10 ボ
 []


Overfull \hbox (7.47433pt too wide) in paragraph at lines 3--5
\JY1/mc/m/n/10 ッ
 []


Overfull \hbox (9.62216pt too wide) in paragraph at lines 3--5
\JY1/mc/m/n/10 ト
 []


Overfull \hbox (9.62216pt too wide) in paragraph at lines 3--5
\JY1/mc/m/n/10 は
 []


Overfull \hbox (9.62216pt too wide) in paragraph at lines 3--5
\JY1/mc/m/n/10 エ
 []


Overfull \hbox (9.62216pt too wide) in paragraph at lines 3--5
\JY1/mc/m/n/10 ン
 []


Overfull \hbox (9.62216pt too wide) in paragraph at lines 3--5
\JY1/mc/m/n/10 ド
 []


Overfull \hbox (9.62216pt too wide) in paragraph at lines 3--5
\JY1/mc/m/n/10 エ
 []


Overfull \hbox (9.62216pt too wide) in paragraph at lines 3--5
\JY1/mc/m/n/10 フ
 []


Overfull \hbox (7.47433pt too wide) in paragraph at lines 3--5
\JY1/mc/m/n/10 ェ
 []


Overfull \hbox (9.62216pt too wide) in paragraph at lines 3--5
\JY1/mc/m/n/10 ク
 []


Overfull \hbox (9.62216pt too wide) in paragraph at lines 3--5
\JY1/mc/m/n/10 タ
 []


Overfull \hbox (9.62216pt too wide) in paragraph at lines 3--5
\JY1/mc/m/n/10 と
 []


Overfull \hbox (9.62216pt too wide) in paragraph at lines 3--5
\JY1/mc/m/n/10 呼
 []


Overfull \hbox (9.62216pt too wide) in paragraph at lines 3--5
\JY1/mc/m/n/10 ば
 []


Overfull \hbox (9.62216pt too wide) in paragraph at lines 3--5
\JY1/mc/m/n/10 れ
 []


Overfull \hbox (9.62216pt too wide) in paragraph at lines 3--5
\JY1/mc/m/n/10 る
 []


Overfull \hbox (9.62216pt too wide) in paragraph at lines 3--5
\JY1/mc/m/n/10 先
 []


Overfull \hbox (9.62216pt too wide) in paragraph at lines 3--5
\JY1/mc/m/n/10 端
 []


Overfull \hbox (9.62216pt too wide) in paragraph at lines 3--5
\JY1/mc/m/n/10 部
 []


Overfull \hbox (9.62216pt too wide) in paragraph at lines 3--5
\JY1/mc/m/n/10 を
 []


Overfull \hbox (9.62216pt too wide) in paragraph at lines 3--5
\JY1/mc/m/n/10 交
 []


Overfull \hbox (9.62216pt too wide) in paragraph at lines 3--5
\JY1/mc/m/n/10 換
 []


Overfull \hbox (9.62216pt too wide) in paragraph at lines 3--5
\JY1/mc/m/n/10 す
 []


Overfull \hbox (9.62216pt too wide) in paragraph at lines 3--5
\JY1/mc/m/n/10 る
 []


Overfull \hbox (9.62216pt too wide) in paragraph at lines 3--5
\JY1/mc/m/n/10 こ
 []


Overfull \hbox (9.62216pt too wide) in paragraph at lines 3--5
\JY1/mc/m/n/10 と
 []


Overfull \hbox (9.62216pt too wide) in paragraph at lines 3--5
\JY1/mc/m/n/10 に
 []


Overfull \hbox (9.62216pt too wide) in paragraph at lines 3--5
\JY1/mc/m/n/10 よ
 []


Overfull \hbox (7.47433pt too wide) in paragraph at lines 3--5
\JY1/mc/m/n/10 っ
 []


Overfull \hbox (9.62216pt too wide) in paragraph at lines 3--5
\JY1/mc/m/n/10 て
 []


Overfull \hbox (17.0965pt too wide) in paragraph at lines 3--5
\JY1/mc/m/n/10 様 々
 []


Overfull \hbox (9.62216pt too wide) in paragraph at lines 3--5
\JY1/mc/m/n/10 な
 []


Overfull \hbox (9.62216pt too wide) in paragraph at lines 3--5
\JY1/mc/m/n/10 作
 []


Overfull \hbox (9.62216pt too wide) in paragraph at lines 3--5
\JY1/mc/m/n/10 業
 []


Overfull \hbox (9.62216pt too wide) in paragraph at lines 3--5
\JY1/mc/m/n/10 を
 []


Overfull \hbox (9.62216pt too wide) in paragraph at lines 3--5
\JY1/mc/m/n/10 遂
 []


Overfull \hbox (9.62216pt too wide) in paragraph at lines 3--5
\JY1/mc/m/n/10 行
 []


Overfull \hbox (9.62216pt too wide) in paragraph at lines 3--5
\JY1/mc/m/n/10 し
 []


Overfull \hbox (9.62216pt too wide) in paragraph at lines 3--5
\JY1/mc/m/n/10 て
 []


Overfull \hbox (9.62216pt too wide) in paragraph at lines 3--5
\JY1/mc/m/n/10 い
 []


Overfull \hbox (12.65881pt too wide) in paragraph at lines 3--5
\JY1/mc/m/n/10 る ．
 []


Overfull \hbox (9.62216pt too wide) in paragraph at lines 3--5
\JY1/mc/m/n/10 エ
 []


Overfull \hbox (9.62216pt too wide) in paragraph at lines 3--5
\JY1/mc/m/n/10 ン
 []


Overfull \hbox (9.62216pt too wide) in paragraph at lines 3--5
\JY1/mc/m/n/10 ド
 []


Overfull \hbox (9.62216pt too wide) in paragraph at lines 3--5
\JY1/mc/m/n/10 エ
 []


Overfull \hbox (9.62216pt too wide) in paragraph at lines 3--5
\JY1/mc/m/n/10 フ
 []


Overfull \hbox (7.47433pt too wide) in paragraph at lines 3--5
\JY1/mc/m/n/10 ェ
 []


Overfull \hbox (9.62216pt too wide) in paragraph at lines 3--5
\JY1/mc/m/n/10 ク
 []


Overfull \hbox (9.62216pt too wide) in paragraph at lines 3--5
\JY1/mc/m/n/10 タ
 []


Overfull \hbox (9.62216pt too wide) in paragraph at lines 3--5
\JY1/mc/m/n/10 の
 []


Overfull \hbox (9.62216pt too wide) in paragraph at lines 3--5
\JY1/mc/m/n/10 う
 []


Overfull \hbox (9.62216pt too wide) in paragraph at lines 3--5
\JY1/mc/m/n/10 ち
 []


Overfull \hbox (9.62216pt too wide) in paragraph at lines 3--5
\JY1/mc/m/n/10 把
 []


Overfull \hbox (9.62216pt too wide) in paragraph at lines 3--5
\JY1/mc/m/n/10 持
 []


Overfull \hbox (9.62216pt too wide) in paragraph at lines 3--5
\JY1/mc/m/n/10 や
 []


Overfull \hbox (9.62216pt too wide) in paragraph at lines 3--5
\JY1/mc/m/n/10 運
 []


Overfull \hbox (12.65881pt too wide) in paragraph at lines 3--5
\JY1/mc/m/n/10 搬 ，
 []


Overfull \hbox (9.62216pt too wide) in paragraph at lines 3--5
\JY1/mc/m/n/10 組
 []


Overfull \hbox (9.62216pt too wide) in paragraph at lines 3--5
\JY1/mc/m/n/10 み
 []


Overfull \hbox (9.62216pt too wide) in paragraph at lines 3--5
\JY1/mc/m/n/10 付
 []


Overfull \hbox (9.62216pt too wide) in paragraph at lines 3--5
\JY1/mc/m/n/10 け
 []


Overfull \hbox (9.62216pt too wide) in paragraph at lines 3--5
\JY1/mc/m/n/10 作
 []


Overfull \hbox (9.62216pt too wide) in paragraph at lines 3--5
\JY1/mc/m/n/10 業
 []


Overfull \hbox (9.62216pt too wide) in paragraph at lines 3--5
\JY1/mc/m/n/10 用
 []


Overfull \hbox (9.62216pt too wide) in paragraph at lines 3--5
\JY1/mc/m/n/10 に
 []


Overfull \hbox (9.62216pt too wide) in paragraph at lines 3--5
\JY1/mc/m/n/10 設
 []


Overfull \hbox (9.62216pt too wide) in paragraph at lines 3--5
\JY1/mc/m/n/10 計
 []


Overfull \hbox (9.62216pt too wide) in paragraph at lines 3--5
\JY1/mc/m/n/10 さ
 []


Overfull \hbox (9.62216pt too wide) in paragraph at lines 3--5
\JY1/mc/m/n/10 れ
 []


Overfull \hbox (9.62216pt too wide) in paragraph at lines 3--5
\JY1/mc/m/n/10 た
 []


Overfull \hbox (9.62216pt too wide) in paragraph at lines 3--5
\JY1/mc/m/n/10 も
 []


Overfull \hbox (9.62216pt too wide) in paragraph at lines 3--5
\JY1/mc/m/n/10 の
 []


Overfull \hbox (9.62216pt too wide) in paragraph at lines 3--5
\JY1/mc/m/n/10 を
 []


Overfull \hbox (9.62216pt too wide) in paragraph at lines 3--5
\JY1/mc/m/n/10 グ
 []


Overfull \hbox (9.62216pt too wide) in paragraph at lines 3--5
\JY1/mc/m/n/10 リ
 []


Overfull \hbox (7.47433pt too wide) in paragraph at lines 3--5
\JY1/mc/m/n/10 ッ
 []


Overfull \hbox (9.62216pt too wide) in paragraph at lines 3--5
\JY1/mc/m/n/10 パ
 []


Overfull \hbox (9.62216pt too wide) in paragraph at lines 3--5
\JY1/mc/m/n/10 と
 []


Overfull \hbox (9.62216pt too wide) in paragraph at lines 3--5
\JY1/mc/m/n/10 呼
 []


Overfull \hbox (12.65881pt too wide) in paragraph at lines 3--5
\JY1/mc/m/n/10 ぶ ．
 []


Overfull \hbox (9.62216pt too wide) in paragraph at lines 3--5
\JY1/mc/m/n/10 グ
 []


Overfull \hbox (9.62216pt too wide) in paragraph at lines 3--5
\JY1/mc/m/n/10 リ
 []


Overfull \hbox (7.47433pt too wide) in paragraph at lines 3--5
\JY1/mc/m/n/10 ッ
 []


Overfull \hbox (9.62216pt too wide) in paragraph at lines 3--5
\JY1/mc/m/n/10 パ
 []


Overfull \hbox (9.62216pt too wide) in paragraph at lines 3--5
\JY1/mc/m/n/10 の
 []


Overfull \hbox (9.62216pt too wide) in paragraph at lines 3--5
\JY1/mc/m/n/10 交
 []


Overfull \hbox (9.62216pt too wide) in paragraph at lines 3--5
\JY1/mc/m/n/10 換
 []


Overfull \hbox (9.62216pt too wide) in paragraph at lines 3--5
\JY1/mc/m/n/10 に
 []


Overfull \hbox (9.62216pt too wide) in paragraph at lines 3--5
\JY1/mc/m/n/10 は
 []


Overfull \hbox (9.62216pt too wide) in paragraph at lines 3--5
\JY1/mc/m/n/10 複
 []


Overfull \hbox (9.62216pt too wide) in paragraph at lines 3--5
\JY1/mc/m/n/10 雑
 []


Overfull \hbox (9.62216pt too wide) in paragraph at lines 3--5
\JY1/mc/m/n/10 な
 []


Overfull \hbox (9.62216pt too wide) in paragraph at lines 3--5
\JY1/mc/m/n/10 把
 []


Overfull \hbox (9.62216pt too wide) in paragraph at lines 3--5
\JY1/mc/m/n/10 持
 []


Overfull \hbox (9.62216pt too wide) in paragraph at lines 3--5
\JY1/mc/m/n/10 計
 []


Overfull \hbox (9.62216pt too wide) in paragraph at lines 3--5
\JY1/mc/m/n/10 画
 []


Overfull \hbox (9.62216pt too wide) in paragraph at lines 3--5
\JY1/mc/m/n/10 や
 []


Overfull \hbox (9.62216pt too wide) in paragraph at lines 3--5
\JY1/mc/m/n/10 交
 []


Overfull \hbox (9.62216pt too wide) in paragraph at lines 3--5
\JY1/mc/m/n/10 換
 []


Overfull \hbox (9.62216pt too wide) in paragraph at lines 3--5
\JY1/mc/m/n/10 作
 []


Overfull \hbox (9.62216pt too wide) in paragraph at lines 3--5
\JY1/mc/m/n/10 業
 []


Overfull \hbox (9.62216pt too wide) in paragraph at lines 3--5
\JY1/mc/m/n/10 が
 []


Overfull \hbox (9.62216pt too wide) in paragraph at lines 3--5
\JY1/mc/m/n/10 伴
 []


Overfull \hbox (9.62216pt too wide) in paragraph at lines 3--5
\JY1/mc/m/n/10 い
 []


Overfull \hbox (9.62216pt too wide) in paragraph at lines 3--5
\JY1/mc/m/n/10 効
 []


Overfull \hbox (9.62216pt too wide) in paragraph at lines 3--5
\JY1/mc/m/n/10 率
 []


Overfull \hbox (9.62216pt too wide) in paragraph at lines 3--5
\JY1/mc/m/n/10 的
 []


Overfull \hbox (9.62216pt too wide) in paragraph at lines 3--5
\JY1/mc/m/n/10 な
 []


Overfull \hbox (9.62216pt too wide) in paragraph at lines 3--5
\JY1/mc/m/n/10 作
 []


Overfull \hbox (9.62216pt too wide) in paragraph at lines 3--5
\JY1/mc/m/n/10 業
 []


Overfull \hbox (9.62216pt too wide) in paragraph at lines 3--5
\JY1/mc/m/n/10 の
 []


Overfull \hbox (9.62216pt too wide) in paragraph at lines 3--5
\JY1/mc/m/n/10 障
 []


Overfull \hbox (9.62216pt too wide) in paragraph at lines 3--5
\JY1/mc/m/n/10 害
 []


Overfull \hbox (9.62216pt too wide) in paragraph at lines 3--5
\JY1/mc/m/n/10 と
 []


Overfull \hbox (9.62216pt too wide) in paragraph at lines 3--5
\JY1/mc/m/n/10 な
 []


Overfull \hbox (9.62216pt too wide) in paragraph at lines 3--5
\JY1/mc/m/n/10 る
 []


Overfull \hbox (9.62216pt too wide) in paragraph at lines 3--5
\JY1/mc/m/n/10 問
 []


Overfull \hbox (9.62216pt too wide) in paragraph at lines 3--5
\JY1/mc/m/n/10 題
 []


Overfull \hbox (9.62216pt too wide) in paragraph at lines 3--5
\JY1/mc/m/n/10 が
 []


Overfull \hbox (9.62216pt too wide) in paragraph at lines 3--5
\JY1/mc/m/n/10 存
 []


Overfull \hbox (9.62216pt too wide) in paragraph at lines 3--5
\JY1/mc/m/n/10 在
 []


Overfull \hbox (9.62216pt too wide) in paragraph at lines 3--5
\JY1/mc/m/n/10 す
 []


Overfull \hbox (12.65881pt too wide) in paragraph at lines 3--5
\JY1/mc/m/n/10 る ．
 []


Overfull \hbox (9.62216pt too wide) in paragraph at lines 3--5
\JY1/mc/m/n/10 ま
 []


Overfull \hbox (9.62216pt too wide) in paragraph at lines 3--5
\JY1/mc/m/n/10 た
 []


Overfull \hbox (9.62216pt too wide) in paragraph at lines 3--5
\JY1/mc/m/n/10 自
 []


Overfull \hbox (9.62216pt too wide) in paragraph at lines 3--5
\JY1/mc/m/n/10 動
 []


Overfull \hbox (9.62216pt too wide) in paragraph at lines 3--5
\JY1/mc/m/n/10 車
 []


Overfull \hbox (9.62216pt too wide) in paragraph at lines 3--5
\JY1/mc/m/n/10 部
 []


Overfull \hbox (9.62216pt too wide) in paragraph at lines 3--5
\JY1/mc/m/n/10 品
 []


Overfull \hbox (9.62216pt too wide) in paragraph at lines 3--5
\JY1/mc/m/n/10 の
 []


Overfull \hbox (9.62216pt too wide) in paragraph at lines 3--5
\JY1/mc/m/n/10 製
 []


Overfull \hbox (9.62216pt too wide) in paragraph at lines 3--5
\JY1/mc/m/n/10 造
 []


Overfull \hbox (9.62216pt too wide) in paragraph at lines 3--5
\JY1/mc/m/n/10 工
 []


Overfull \hbox (9.62216pt too wide) in paragraph at lines 3--5
\JY1/mc/m/n/10 場
 []


Overfull \hbox (9.62216pt too wide) in paragraph at lines 3--5
\JY1/mc/m/n/10 な
 []


Overfull \hbox (9.62216pt too wide) in paragraph at lines 3--5
\JY1/mc/m/n/10 ど
 []


Overfull \hbox (9.62216pt too wide) in paragraph at lines 3--5
\JY1/mc/m/n/10 で
 []


Overfull \hbox (9.62216pt too wide) in paragraph at lines 3--5
\JY1/mc/m/n/10 は
 []


Overfull \hbox (9.62216pt too wide) in paragraph at lines 3--5
\JY1/mc/m/n/10 上
 []


Overfull \hbox (9.62216pt too wide) in paragraph at lines 3--5
\JY1/mc/m/n/10 記
 []


Overfull \hbox (9.62216pt too wide) in paragraph at lines 3--5
\JY1/mc/m/n/10 の
 []


Overfull \hbox (9.62216pt too wide) in paragraph at lines 3--5
\JY1/mc/m/n/10 問
 []


Overfull \hbox (9.62216pt too wide) in paragraph at lines 3--5
\JY1/mc/m/n/10 題
 []


Overfull \hbox (9.62216pt too wide) in paragraph at lines 3--5
\JY1/mc/m/n/10 に
 []


Overfull \hbox (9.62216pt too wide) in paragraph at lines 3--5
\JY1/mc/m/n/10 加
 []


Overfull \hbox (9.62216pt too wide) in paragraph at lines 3--5
\JY1/mc/m/n/10 え
 []


Overfull \hbox (9.62216pt too wide) in paragraph at lines 3--5
\JY1/mc/m/n/10 て
 []


Overfull \hbox (9.62216pt too wide) in paragraph at lines 3--5
\JY1/mc/m/n/10 車
 []


Overfull \hbox (9.62216pt too wide) in paragraph at lines 3--5
\JY1/mc/m/n/10 種
 []


Overfull \hbox (9.62216pt too wide) in paragraph at lines 3--5
\JY1/mc/m/n/10 固
 []


Overfull \hbox (9.62216pt too wide) in paragraph at lines 3--5
\JY1/mc/m/n/10 有
 []


Overfull \hbox (9.62216pt too wide) in paragraph at lines 3--5
\JY1/mc/m/n/10 の
 []


Overfull \hbox (9.62216pt too wide) in paragraph at lines 3--5
\JY1/mc/m/n/10 意
 []


Overfull \hbox (9.62216pt too wide) in paragraph at lines 3--5
\JY1/mc/m/n/10 匠
 []


Overfull \hbox (9.62216pt too wide) in paragraph at lines 3--5
\JY1/mc/m/n/10 部
 []


Overfull \hbox (9.62216pt too wide) in paragraph at lines 3--5
\JY1/mc/m/n/10 品
 []


Overfull \hbox (9.62216pt too wide) in paragraph at lines 3--5
\JY1/mc/m/n/10 な
 []


Overfull \hbox (9.62216pt too wide) in paragraph at lines 3--5
\JY1/mc/m/n/10 ど
 []


Overfull \hbox (9.62216pt too wide) in paragraph at lines 3--5
\JY1/mc/m/n/10 は
 []


Overfull \hbox (9.62216pt too wide) in paragraph at lines 3--5
\JY1/mc/m/n/10 形
 []


Overfull \hbox (9.62216pt too wide) in paragraph at lines 3--5
\JY1/mc/m/n/10 状
 []


Overfull \hbox (9.62216pt too wide) in paragraph at lines 3--5
\JY1/mc/m/n/10 の
 []


Overfull \hbox (9.62216pt too wide) in paragraph at lines 3--5
\JY1/mc/m/n/10 多
 []


Overfull \hbox (9.62216pt too wide) in paragraph at lines 3--5
\JY1/mc/m/n/10 岐
 []


Overfull \hbox (9.62216pt too wide) in paragraph at lines 3--5
\JY1/mc/m/n/10 に
 []


Overfull \hbox (9.62216pt too wide) in paragraph at lines 3--5
\JY1/mc/m/n/10 及
 []


Overfull \hbox (9.62216pt too wide) in paragraph at lines 3--5
\JY1/mc/m/n/10 ん
 []


Overfull \hbox (9.62216pt too wide) in paragraph at lines 3--5
\JY1/mc/m/n/10 で
 []


Overfull \hbox (9.62216pt too wide) in paragraph at lines 3--5
\JY1/mc/m/n/10 い
 []


Overfull \hbox (9.62216pt too wide) in paragraph at lines 3--5
\JY1/mc/m/n/10 る
 []


Overfull \hbox (9.62216pt too wide) in paragraph at lines 3--5
\JY1/mc/m/n/10 た
 []


Overfull \hbox (9.62216pt too wide) in paragraph at lines 3--5
\JY1/mc/m/n/10 め
 []


Overfull \hbox (9.62216pt too wide) in paragraph at lines 3--5
\JY1/mc/m/n/10 把
 []


Overfull \hbox (9.62216pt too wide) in paragraph at lines 3--5
\JY1/mc/m/n/10 持
 []


Overfull \hbox (9.62216pt too wide) in paragraph at lines 3--5
\JY1/mc/m/n/10 の
 []


Overfull \hbox (9.62216pt too wide) in paragraph at lines 3--5
\JY1/mc/m/n/10 複
 []


Overfull \hbox (9.62216pt too wide) in paragraph at lines 3--5
\JY1/mc/m/n/10 雑
 []


Overfull \hbox (9.62216pt too wide) in paragraph at lines 3--5
\JY1/mc/m/n/10 さ
 []


Overfull \hbox (9.62216pt too wide) in paragraph at lines 3--5
\JY1/mc/m/n/10 や
 []


Overfull \hbox (9.62216pt too wide) in paragraph at lines 3--5
\JY1/mc/m/n/10 部
 []


Overfull \hbox (9.62216pt too wide) in paragraph at lines 3--5
\JY1/mc/m/n/10 品
 []


Overfull \hbox (9.62216pt too wide) in paragraph at lines 3--5
\JY1/mc/m/n/10 自
 []


Overfull \hbox (9.62216pt too wide) in paragraph at lines 3--5
\JY1/mc/m/n/10 体
 []


Overfull \hbox (9.62216pt too wide) in paragraph at lines 3--5
\JY1/mc/m/n/10 が
 []


Overfull \hbox (9.62216pt too wide) in paragraph at lines 3--5
\JY1/mc/m/n/10 デ
 []


Overfull \hbox (9.62216pt too wide) in paragraph at lines 3--5
\JY1/mc/m/n/10 リ
 []


Overfull \hbox (18.74432pt too wide) in paragraph at lines 3--5
\JY1/mc/m/n/10 ケ ー
 []


Overfull \hbox (9.62216pt too wide) in paragraph at lines 3--5
\JY1/mc/m/n/10 ト
 []


Overfull \hbox (9.62216pt too wide) in paragraph at lines 3--5
\JY1/mc/m/n/10 な
 []


Overfull \hbox (9.62216pt too wide) in paragraph at lines 3--5
\JY1/mc/m/n/10 も
 []


Overfull \hbox (9.62216pt too wide) in paragraph at lines 3--5
\JY1/mc/m/n/10 の
 []


Overfull \hbox (9.62216pt too wide) in paragraph at lines 3--5
\JY1/mc/m/n/10 に
 []


Overfull \hbox (9.62216pt too wide) in paragraph at lines 3--5
\JY1/mc/m/n/10 よ
 []


Overfull \hbox (9.62216pt too wide) in paragraph at lines 3--5
\JY1/mc/m/n/10 る
 []


Overfull \hbox (9.62216pt too wide) in paragraph at lines 3--5
\JY1/mc/m/n/10 こ
 []


Overfull \hbox (9.62216pt too wide) in paragraph at lines 3--5
\JY1/mc/m/n/10 と
 []


Overfull \hbox (9.62216pt too wide) in paragraph at lines 3--5
\JY1/mc/m/n/10 か
 []


Overfull \hbox (9.62216pt too wide) in paragraph at lines 3--5
\JY1/mc/m/n/10 ら
 []


Overfull \hbox (9.62216pt too wide) in paragraph at lines 3--5
\JY1/mc/m/n/10 従
 []


Overfull \hbox (9.62216pt too wide) in paragraph at lines 3--5
\JY1/mc/m/n/10 業
 []


Overfull \hbox (9.62216pt too wide) in paragraph at lines 3--5
\JY1/mc/m/n/10 員
 []


Overfull \hbox (9.62216pt too wide) in paragraph at lines 3--5
\JY1/mc/m/n/10 の
 []


Overfull \hbox (9.62216pt too wide) in paragraph at lines 3--5
\JY1/mc/m/n/10 手
 []


Overfull \hbox (9.62216pt too wide) in paragraph at lines 3--5
\JY1/mc/m/n/10 作
 []


Overfull \hbox (9.62216pt too wide) in paragraph at lines 3--5
\JY1/mc/m/n/10 業
 []


Overfull \hbox (9.62216pt too wide) in paragraph at lines 3--5
\JY1/mc/m/n/10 で
 []


Overfull \hbox (9.62216pt too wide) in paragraph at lines 3--5
\JY1/mc/m/n/10 組
 []


Overfull \hbox (9.62216pt too wide) in paragraph at lines 3--5
\JY1/mc/m/n/10 み
 []


Overfull \hbox (9.62216pt too wide) in paragraph at lines 3--5
\JY1/mc/m/n/10 付
 []


Overfull \hbox (9.62216pt too wide) in paragraph at lines 3--5
\JY1/mc/m/n/10 け
 []


Overfull \hbox (9.62216pt too wide) in paragraph at lines 3--5
\JY1/mc/m/n/10 が
 []


Overfull \hbox (9.62216pt too wide) in paragraph at lines 3--5
\JY1/mc/m/n/10 行
 []


Overfull \hbox (9.62216pt too wide) in paragraph at lines 3--5
\JY1/mc/m/n/10 わ
 []


Overfull \hbox (9.62216pt too wide) in paragraph at lines 3--5
\JY1/mc/m/n/10 れ
 []


Overfull \hbox (9.62216pt too wide) in paragraph at lines 3--5
\JY1/mc/m/n/10 て
 []


Overfull \hbox (9.62216pt too wide) in paragraph at lines 3--5
\JY1/mc/m/n/10 お
 []


Overfull \hbox (12.67767pt too wide) in paragraph at lines 3--5
\JY1/mc/m/n/10 り，
 []


Overfull \hbox (9.62216pt too wide) in paragraph at lines 3--5
\JY1/mc/m/n/10 自
 []


Overfull \hbox (9.62216pt too wide) in paragraph at lines 3--5
\JY1/mc/m/n/10 動
 []


Overfull \hbox (9.62216pt too wide) in paragraph at lines 3--5
\JY1/mc/m/n/10 化
 []


Overfull \hbox (9.62216pt too wide) in paragraph at lines 3--5
\JY1/mc/m/n/10 で
 []


Overfull \hbox (9.62216pt too wide) in paragraph at lines 3--5
\JY1/mc/m/n/10 き
 []


Overfull \hbox (9.62216pt too wide) in paragraph at lines 3--5
\JY1/mc/m/n/10 て
 []


Overfull \hbox (9.62216pt too wide) in paragraph at lines 3--5
\JY1/mc/m/n/10 い
 []


Overfull \hbox (9.62216pt too wide) in paragraph at lines 3--5
\JY1/mc/m/n/10 な
 []


Overfull \hbox (9.62216pt too wide) in paragraph at lines 3--5
\JY1/mc/m/n/10 い
 []


Overfull \hbox (9.62216pt too wide) in paragraph at lines 3--5
\JY1/mc/m/n/10 課
 []


Overfull \hbox (9.62216pt too wide) in paragraph at lines 3--5
\JY1/mc/m/n/10 題
 []


Overfull \hbox (9.62216pt too wide) in paragraph at lines 3--5
\JY1/mc/m/n/10 が
 []


Overfull \hbox (9.62216pt too wide) in paragraph at lines 3--5
\JY1/mc/m/n/10 あ
 []


Overfull \hbox (12.65881pt too wide) in paragraph at lines 3--5
\JY1/mc/m/n/10 る ． 
 []


! LaTeX Error: The font size command \normalsize is not defined:
               there is probably something wrong with the class file.

See the LaTeX manual or LaTeX Companion for explanation.
Type  H <return>  for immediate help.
 ...                                              
                                                  
l.5 ...ており，自動化できていない課題がある．\par
                                                 
Your command was ignored.
Type  I <command> <return>  to replace it with another command,
or  <return>  to continue without it.

[1]

! LaTeX Error: Missing \begin{document}.

See the LaTeX manual or LaTeX Companion for explanation.
Type  H <return>  for immediate help.
 ...                                              
                                                  
l.6 こ
      うした問題を解決するために近年把持対象物の姿勢認識とグリッパの交換を省...

You're in trouble here.  Try typing  <return>  to proceed.
If that doesn't work, type  X <return>  to quit.


Overfull \hbox (29.62216pt too wide) in paragraph at lines 6--8
[][]\JY1/mc/m/n/10 こ
 []


Overfull \hbox (9.62216pt too wide) in paragraph at lines 6--8
\JY1/mc/m/n/10 う
 []


Overfull \hbox (9.62216pt too wide) in paragraph at lines 6--8
\JY1/mc/m/n/10 し
 []


Overfull \hbox (9.62216pt too wide) in paragraph at lines 6--8
\JY1/mc/m/n/10 た
 []


Overfull \hbox (9.62216pt too wide) in paragraph at lines 6--8
\JY1/mc/m/n/10 問
 []


Overfull \hbox (9.62216pt too wide) in paragraph at lines 6--8
\JY1/mc/m/n/10 題
 []


Overfull \hbox (9.62216pt too wide) in paragraph at lines 6--8
\JY1/mc/m/n/10 を
 []


Overfull \hbox (9.62216pt too wide) in paragraph at lines 6--8
\JY1/mc/m/n/10 解
 []


Overfull \hbox (9.62216pt too wide) in paragraph at lines 6--8
\JY1/mc/m/n/10 決
 []


Overfull \hbox (9.62216pt too wide) in paragraph at lines 6--8
\JY1/mc/m/n/10 す
 []


Overfull \hbox (9.62216pt too wide) in paragraph at lines 6--8
\JY1/mc/m/n/10 る
 []


Overfull \hbox (9.62216pt too wide) in paragraph at lines 6--8
\JY1/mc/m/n/10 た
 []


Overfull \hbox (9.62216pt too wide) in paragraph at lines 6--8
\JY1/mc/m/n/10 め
 []


Overfull \hbox (9.62216pt too wide) in paragraph at lines 6--8
\JY1/mc/m/n/10 に
 []


Overfull \hbox (9.62216pt too wide) in paragraph at lines 6--8
\JY1/mc/m/n/10 近
 []


Overfull \hbox (9.62216pt too wide) in paragraph at lines 6--8
\JY1/mc/m/n/10 年
 []


Overfull \hbox (9.62216pt too wide) in paragraph at lines 6--8
\JY1/mc/m/n/10 把
 []


Overfull \hbox (9.62216pt too wide) in paragraph at lines 6--8
\JY1/mc/m/n/10 持
 []


Overfull \hbox (9.62216pt too wide) in paragraph at lines 6--8
\JY1/mc/m/n/10 対
 []


Overfull \hbox (9.62216pt too wide) in paragraph at lines 6--8
\JY1/mc/m/n/10 象
 []


Overfull \hbox (9.62216pt too wide) in paragraph at lines 6--8
\JY1/mc/m/n/10 物
 []


Overfull \hbox (9.62216pt too wide) in paragraph at lines 6--8
\JY1/mc/m/n/10 の
 []


Overfull \hbox (9.62216pt too wide) in paragraph at lines 6--8
\JY1/mc/m/n/10 姿
 []


Overfull \hbox (9.62216pt too wide) in paragraph at lines 6--8
\JY1/mc/m/n/10 勢
 []


Overfull \hbox (9.62216pt too wide) in paragraph at lines 6--8
\JY1/mc/m/n/10 認
 []


Overfull \hbox (9.62216pt too wide) in paragraph at lines 6--8
\JY1/mc/m/n/10 識
 []


Overfull \hbox (9.62216pt too wide) in paragraph at lines 6--8
\JY1/mc/m/n/10 と
 []


Overfull \hbox (9.62216pt too wide) in paragraph at lines 6--8
\JY1/mc/m/n/10 グ
 []


Overfull \hbox (9.62216pt too wide) in paragraph at lines 6--8
\JY1/mc/m/n/10 リ
 []


Overfull \hbox (7.47433pt too wide) in paragraph at lines 6--8
\JY1/mc/m/n/10 ッ
 []


Overfull \hbox (9.62216pt too wide) in paragraph at lines 6--8
\JY1/mc/m/n/10 パ
 []


Overfull \hbox (9.62216pt too wide) in paragraph at lines 6--8
\JY1/mc/m/n/10 の
 []


Overfull \hbox (9.62216pt too wide) in paragraph at lines 6--8
\JY1/mc/m/n/10 交
 []


Overfull \hbox (9.62216pt too wide) in paragraph at lines 6--8
\JY1/mc/m/n/10 換
 []


Overfull \hbox (9.62216pt too wide) in paragraph at lines 6--8
\JY1/mc/m/n/10 を
 []


Overfull \hbox (9.62216pt too wide) in paragraph at lines 6--8
\JY1/mc/m/n/10 省
 []


Overfull \hbox (9.62216pt too wide) in paragraph at lines 6--8
\JY1/mc/m/n/10 略
 []


Overfull \hbox (12.65881pt too wide) in paragraph at lines 6--8
\JY1/mc/m/n/10 し ，
 []


Overfull \hbox (9.62216pt too wide) in paragraph at lines 6--8
\JY1/mc/m/n/10 作
 []


Overfull \hbox (9.62216pt too wide) in paragraph at lines 6--8
\JY1/mc/m/n/10 業
 []


Overfull \hbox (9.62216pt too wide) in paragraph at lines 6--8
\JY1/mc/m/n/10 効
 []


Overfull \hbox (9.62216pt too wide) in paragraph at lines 6--8
\JY1/mc/m/n/10 率
 []


Overfull \hbox (9.62216pt too wide) in paragraph at lines 6--8
\JY1/mc/m/n/10 を
 []


Overfull \hbox (9.62216pt too wide) in paragraph at lines 6--8
\JY1/mc/m/n/10 向
 []


Overfull \hbox (9.62216pt too wide) in paragraph at lines 6--8
\JY1/mc/m/n/10 上
 []


Overfull \hbox (9.62216pt too wide) in paragraph at lines 6--8
\JY1/mc/m/n/10 さ
 []


Overfull \hbox (9.62216pt too wide) in paragraph at lines 6--8
\JY1/mc/m/n/10 せ
 []


Overfull \hbox (9.62216pt too wide) in paragraph at lines 6--8
\JY1/mc/m/n/10 る
 []


Overfull \hbox (9.62216pt too wide) in paragraph at lines 6--8
\JY1/mc/m/n/10 ユ
 []


Overfull \hbox (9.62216pt too wide) in paragraph at lines 6--8
\JY1/mc/m/n/10 ニ
 []


Overfull \hbox (18.74432pt too wide) in paragraph at lines 6--8
\JY1/mc/m/n/10 バ ー
 []


Overfull \hbox (9.62216pt too wide) in paragraph at lines 6--8
\JY1/mc/m/n/10 サ
 []


Overfull \hbox (9.62216pt too wide) in paragraph at lines 6--8
\JY1/mc/m/n/10 ル
 []


Overfull \hbox (9.62216pt too wide) in paragraph at lines 6--8
\JY1/mc/m/n/10 グ
 []


Overfull \hbox (9.62216pt too wide) in paragraph at lines 6--8
\JY1/mc/m/n/10 リ
 []


Overfull \hbox (7.47433pt too wide) in paragraph at lines 6--8
\JY1/mc/m/n/10 ッ
 []


Overfull \hbox (9.62216pt too wide) in paragraph at lines 6--8
\JY1/mc/m/n/10 パ
 []


Overfull \hbox (9.62216pt too wide) in paragraph at lines 6--8
\JY1/mc/m/n/10 と
 []


Overfull \hbox (9.62216pt too wide) in paragraph at lines 6--8
\JY1/mc/m/n/10 呼
 []


Overfull \hbox (9.62216pt too wide) in paragraph at lines 6--8
\JY1/mc/m/n/10 ば
 []


Overfull \hbox (9.62216pt too wide) in paragraph at lines 6--8
\JY1/mc/m/n/10 れ
 []


Overfull \hbox (9.62216pt too wide) in paragraph at lines 6--8
\JY1/mc/m/n/10 る
 []


Overfull \hbox (9.62216pt too wide) in paragraph at lines 6--8
\JY1/mc/m/n/10 も
 []


Overfull \hbox (9.62216pt too wide) in paragraph at lines 6--8
\JY1/mc/m/n/10 の
 []


Overfull \hbox (9.62216pt too wide) in paragraph at lines 6--8
\JY1/mc/m/n/10 の
 []


Overfull \hbox (9.62216pt too wide) in paragraph at lines 6--8
\JY1/mc/m/n/10 開
 []


Overfull \hbox (9.62216pt too wide) in paragraph at lines 6--8
\JY1/mc/m/n/10 発
 []


Overfull \hbox (9.62216pt too wide) in paragraph at lines 6--8
\JY1/mc/m/n/10 が
 []


Overfull \hbox (9.62216pt too wide) in paragraph at lines 6--8
\JY1/mc/m/n/10 行
 []


Overfull \hbox (9.62216pt too wide) in paragraph at lines 6--8
\JY1/mc/m/n/10 わ
 []


Overfull \hbox (9.62216pt too wide) in paragraph at lines 6--8
\JY1/mc/m/n/10 れ
 []


Overfull \hbox (9.62216pt too wide) in paragraph at lines 6--8
\JY1/mc/m/n/10 て
 []


Overfull \hbox (9.62216pt too wide) in paragraph at lines 6--8
\JY1/mc/m/n/10 い
 []


Overfull \hbox (12.65881pt too wide) in paragraph at lines 6--8
\JY1/mc/m/n/10 る ．
 []


Overfull \hbox (9.62216pt too wide) in paragraph at lines 6--8
\JY1/mc/m/n/10 ユ
 []


Overfull \hbox (9.62216pt too wide) in paragraph at lines 6--8
\JY1/mc/m/n/10 ニ
 []


Overfull \hbox (18.74432pt too wide) in paragraph at lines 6--8
\JY1/mc/m/n/10 バ ー
 []


Overfull \hbox (9.62216pt too wide) in paragraph at lines 6--8
\JY1/mc/m/n/10 サ
 []


Overfull \hbox (9.62216pt too wide) in paragraph at lines 6--8
\JY1/mc/m/n/10 ル
 []


Overfull \hbox (9.62216pt too wide) in paragraph at lines 6--8
\JY1/mc/m/n/10 グ
 []


Overfull \hbox (9.62216pt too wide) in paragraph at lines 6--8
\JY1/mc/m/n/10 リ
 []


Overfull \hbox (7.47433pt too wide) in paragraph at lines 6--8
\JY1/mc/m/n/10 ッ
 []


Overfull \hbox (9.62216pt too wide) in paragraph at lines 6--8
\JY1/mc/m/n/10 パ
 []


Overfull \hbox (9.62216pt too wide) in paragraph at lines 6--8
\JY1/mc/m/n/10 の
 []


Overfull \hbox (9.62216pt too wide) in paragraph at lines 6--8
\JY1/mc/m/n/10 中
 []


Overfull \hbox (9.62216pt too wide) in paragraph at lines 6--8
\JY1/mc/m/n/10 で
 []


Overfull \hbox (9.62216pt too wide) in paragraph at lines 6--8
\JY1/mc/m/n/10 も
 []


Overfull \hbox (9.62216pt too wide) in paragraph at lines 6--8
\JY1/mc/m/n/10 把
 []


Overfull \hbox (9.62216pt too wide) in paragraph at lines 6--8
\JY1/mc/m/n/10 持
 []


Overfull \hbox (9.62216pt too wide) in paragraph at lines 6--8
\JY1/mc/m/n/10 部
 []


Overfull \hbox (9.62216pt too wide) in paragraph at lines 6--8
\JY1/mc/m/n/10 に
 []


Overfull \hbox (9.62216pt too wide) in paragraph at lines 6--8
\JY1/mc/m/n/10 柔
 []


Overfull \hbox (9.62216pt too wide) in paragraph at lines 6--8
\JY1/mc/m/n/10 軟
 []


Overfull \hbox (9.62216pt too wide) in paragraph at lines 6--8
\JY1/mc/m/n/10 性
 []


Overfull \hbox (9.62216pt too wide) in paragraph at lines 6--8
\JY1/mc/m/n/10 の
 []


Overfull \hbox (9.62216pt too wide) in paragraph at lines 6--8
\JY1/mc/m/n/10 あ
 []


Overfull \hbox (9.62216pt too wide) in paragraph at lines 6--8
\JY1/mc/m/n/10 る
 []


Overfull \hbox (9.62216pt too wide) in paragraph at lines 6--8
\JY1/mc/m/n/10 グ
 []


Overfull \hbox (9.62216pt too wide) in paragraph at lines 6--8
\JY1/mc/m/n/10 リ
 []


Overfull \hbox (7.47433pt too wide) in paragraph at lines 6--8
\JY1/mc/m/n/10 ッ
 []


Overfull \hbox (9.62216pt too wide) in paragraph at lines 6--8
\JY1/mc/m/n/10 パ
 []


Overfull \hbox (12.39995pt too wide) in paragraph at lines 6--8
\JY1/mc/m/n/10 は\OT1/cmr/m/n/10 ,
 []


Overfull \hbox (9.62216pt too wide) in paragraph at lines 6--8
\JY1/mc/m/n/10 把
 []


Overfull \hbox (9.62216pt too wide) in paragraph at lines 6--8
\JY1/mc/m/n/10 持
 []


Overfull \hbox (9.62216pt too wide) in paragraph at lines 6--8
\JY1/mc/m/n/10 対
 []


Overfull \hbox (9.62216pt too wide) in paragraph at lines 6--8
\JY1/mc/m/n/10 象
 []


Overfull \hbox (9.62216pt too wide) in paragraph at lines 6--8
\JY1/mc/m/n/10 物
 []


Overfull \hbox (9.62216pt too wide) in paragraph at lines 6--8
\JY1/mc/m/n/10 を
 []


Overfull \hbox (9.62216pt too wide) in paragraph at lines 6--8
\JY1/mc/m/n/10 包
 []


Overfull \hbox (9.62216pt too wide) in paragraph at lines 6--8
\JY1/mc/m/n/10 み
 []


Overfull \hbox (9.62216pt too wide) in paragraph at lines 6--8
\JY1/mc/m/n/10 込
 []


Overfull \hbox (9.62216pt too wide) in paragraph at lines 6--8
\JY1/mc/m/n/10 む
 []


Overfull \hbox (9.62216pt too wide) in paragraph at lines 6--8
\JY1/mc/m/n/10 こ
 []


Overfull \hbox (9.62216pt too wide) in paragraph at lines 6--8
\JY1/mc/m/n/10 と
 []


Overfull \hbox (9.62216pt too wide) in paragraph at lines 6--8
\JY1/mc/m/n/10 で
 []


Overfull \hbox (9.62216pt too wide) in paragraph at lines 6--8
\JY1/mc/m/n/10 把
 []


Overfull \hbox (9.62216pt too wide) in paragraph at lines 6--8
\JY1/mc/m/n/10 持
 []


Overfull \hbox (9.62216pt too wide) in paragraph at lines 6--8
\JY1/mc/m/n/10 部
 []


Overfull \hbox (9.62216pt too wide) in paragraph at lines 6--8
\JY1/mc/m/n/10 を
 []


Overfull \hbox (9.62216pt too wide) in paragraph at lines 6--8
\JY1/mc/m/n/10 対
 []


Overfull \hbox (9.62216pt too wide) in paragraph at lines 6--8
\JY1/mc/m/n/10 象
 []


Overfull \hbox (9.62216pt too wide) in paragraph at lines 6--8
\JY1/mc/m/n/10 物
 []


Overfull \hbox (9.62216pt too wide) in paragraph at lines 6--8
\JY1/mc/m/n/10 に
 []


Overfull \hbox (9.62216pt too wide) in paragraph at lines 6--8
\JY1/mc/m/n/10 密
 []


Overfull \hbox (9.62216pt too wide) in paragraph at lines 6--8
\JY1/mc/m/n/10 着
 []


Overfull \hbox (9.62216pt too wide) in paragraph at lines 6--8
\JY1/mc/m/n/10 さ
 []


Overfull \hbox (9.62216pt too wide) in paragraph at lines 6--8
\JY1/mc/m/n/10 せ
 []


Overfull \hbox (9.62216pt too wide) in paragraph at lines 6--8
\JY1/mc/m/n/10 て
 []


Overfull \hbox (9.62216pt too wide) in paragraph at lines 6--8
\JY1/mc/m/n/10 接
 []


Overfull \hbox (9.62216pt too wide) in paragraph at lines 6--8
\JY1/mc/m/n/10 触
 []


Overfull \hbox (9.62216pt too wide) in paragraph at lines 6--8
\JY1/mc/m/n/10 面
 []


Overfull \hbox (9.62216pt too wide) in paragraph at lines 6--8
\JY1/mc/m/n/10 積
 []


Overfull \hbox (9.62216pt too wide) in paragraph at lines 6--8
\JY1/mc/m/n/10 を
 []


Overfull \hbox (9.62216pt too wide) in paragraph at lines 6--8
\JY1/mc/m/n/10 増
 []


Overfull \hbox (9.62216pt too wide) in paragraph at lines 6--8
\JY1/mc/m/n/10 や
 []


Overfull \hbox (12.39995pt too wide) in paragraph at lines 6--8
\JY1/mc/m/n/10 し\OT1/cmr/m/n/10 ,
 []


Overfull \hbox (9.62216pt too wide) in paragraph at lines 6--8
\JY1/mc/m/n/10 対
 []


Overfull \hbox (9.62216pt too wide) in paragraph at lines 6--8
\JY1/mc/m/n/10 象
 []


Overfull \hbox (9.62216pt too wide) in paragraph at lines 6--8
\JY1/mc/m/n/10 物
 []


Overfull \hbox (9.62216pt too wide) in paragraph at lines 6--8
\JY1/mc/m/n/10 と
 []


Overfull \hbox (9.62216pt too wide) in paragraph at lines 6--8
\JY1/mc/m/n/10 の
 []


Overfull \hbox (9.62216pt too wide) in paragraph at lines 6--8
\JY1/mc/m/n/10 間
 []


Overfull \hbox (9.62216pt too wide) in paragraph at lines 6--8
\JY1/mc/m/n/10 に
 []


Overfull \hbox (9.62216pt too wide) in paragraph at lines 6--8
\JY1/mc/m/n/10 生
 []


Overfull \hbox (9.62216pt too wide) in paragraph at lines 6--8
\JY1/mc/m/n/10 じ
 []


Overfull \hbox (9.62216pt too wide) in paragraph at lines 6--8
\JY1/mc/m/n/10 る
 []


Overfull \hbox (9.62216pt too wide) in paragraph at lines 6--8
\JY1/mc/m/n/10 摩
 []


Overfull \hbox (9.62216pt too wide) in paragraph at lines 6--8
\JY1/mc/m/n/10 擦
 []


Overfull \hbox (9.62216pt too wide) in paragraph at lines 6--8
\JY1/mc/m/n/10 を
 []


Overfull \hbox (9.62216pt too wide) in paragraph at lines 6--8
\JY1/mc/m/n/10 増
 []


Overfull \hbox (9.62216pt too wide) in paragraph at lines 6--8
\JY1/mc/m/n/10 や
 []


Overfull \hbox (9.62216pt too wide) in paragraph at lines 6--8
\JY1/mc/m/n/10 し
 []


Overfull \hbox (9.62216pt too wide) in paragraph at lines 6--8
\JY1/mc/m/n/10 て
 []


Overfull \hbox (9.62216pt too wide) in paragraph at lines 6--8
\JY1/mc/m/n/10 柔
 []


Overfull \hbox (9.62216pt too wide) in paragraph at lines 6--8
\JY1/mc/m/n/10 軟
 []


Overfull \hbox (9.62216pt too wide) in paragraph at lines 6--8
\JY1/mc/m/n/10 な
 []


Overfull \hbox (9.62216pt too wide) in paragraph at lines 6--8
\JY1/mc/m/n/10 把
 []


Overfull \hbox (9.62216pt too wide) in paragraph at lines 6--8
\JY1/mc/m/n/10 持
 []


Overfull \hbox (9.62216pt too wide) in paragraph at lines 6--8
\JY1/mc/m/n/10 を
 []


Overfull \hbox (9.62216pt too wide) in paragraph at lines 6--8
\JY1/mc/m/n/10 可
 []


Overfull \hbox (9.62216pt too wide) in paragraph at lines 6--8
\JY1/mc/m/n/10 能
 []


Overfull \hbox (9.62216pt too wide) in paragraph at lines 6--8
\JY1/mc/m/n/10 に
 []


Overfull \hbox (9.62216pt too wide) in paragraph at lines 6--8
\JY1/mc/m/n/10 す
 []


Overfull \hbox (12.39995pt too wide) in paragraph at lines 6--8
\JY1/mc/m/n/10 る\OT1/cmr/m/n/10 .
 []


Overfull \hbox (9.62216pt too wide) in paragraph at lines 6--8
\JY1/mc/m/n/10 ま
 []


Overfull \hbox (12.65881pt too wide) in paragraph at lines 6--8
\JY1/mc/m/n/10 た ，
 []


Overfull \hbox (9.62216pt too wide) in paragraph at lines 6--8
\JY1/mc/m/n/10 は
 []


Overfull \hbox (9.62216pt too wide) in paragraph at lines 6--8
\JY1/mc/m/n/10 や
 []


Overfull \hbox (9.62216pt too wide) in paragraph at lines 6--8
\JY1/mc/m/n/10 戻
 []


Overfull \hbox (9.62216pt too wide) in paragraph at lines 6--8
\JY1/mc/m/n/10 り
 []


Overfull \hbox (9.62216pt too wide) in paragraph at lines 6--8
\JY1/mc/m/n/10 機
 []


Overfull \hbox (9.62216pt too wide) in paragraph at lines 6--8
\JY1/mc/m/n/10 構
 []


Overfull \hbox (9.62216pt too wide) in paragraph at lines 6--8
\JY1/mc/m/n/10 を
 []


Overfull \hbox (9.62216pt too wide) in paragraph at lines 6--8
\JY1/mc/m/n/10 有
 []


Overfull \hbox (9.62216pt too wide) in paragraph at lines 6--8
\JY1/mc/m/n/10 す
 []


Overfull \hbox (9.62216pt too wide) in paragraph at lines 6--8
\JY1/mc/m/n/10 る
 []


Overfull \hbox (9.62216pt too wide) in paragraph at lines 6--8
\JY1/mc/m/n/10 グ
 []


Overfull \hbox (9.62216pt too wide) in paragraph at lines 6--8
\JY1/mc/m/n/10 リ
 []


Overfull \hbox (7.47433pt too wide) in paragraph at lines 6--8
\JY1/mc/m/n/10 ッ
 []


Overfull \hbox (9.62216pt too wide) in paragraph at lines 6--8
\JY1/mc/m/n/10 パ
 []


Overfull \hbox (9.62216pt too wide) in paragraph at lines 6--8
\JY1/mc/m/n/10 は
 []


Overfull \hbox (9.62216pt too wide) in paragraph at lines 6--8
\JY1/mc/m/n/10 高
 []


Overfull \hbox (9.62216pt too wide) in paragraph at lines 6--8
\JY1/mc/m/n/10 速
 []


Overfull \hbox (9.62216pt too wide) in paragraph at lines 6--8
\JY1/mc/m/n/10 で
 []


Overfull \hbox (9.62216pt too wide) in paragraph at lines 6--8
\JY1/mc/m/n/10 把
 []


Overfull \hbox (9.62216pt too wide) in paragraph at lines 6--8
\JY1/mc/m/n/10 持
 []


Overfull \hbox (9.62216pt too wide) in paragraph at lines 6--8
\JY1/mc/m/n/10 と
 []


Overfull \hbox (9.62216pt too wide) in paragraph at lines 6--8
\JY1/mc/m/n/10 開
 []


Overfull \hbox (9.62216pt too wide) in paragraph at lines 6--8
\JY1/mc/m/n/10 放
 []


Overfull \hbox (9.62216pt too wide) in paragraph at lines 6--8
\JY1/mc/m/n/10 を
 []


Overfull \hbox (9.62216pt too wide) in paragraph at lines 6--8
\JY1/mc/m/n/10 高
 []


Overfull \hbox (9.62216pt too wide) in paragraph at lines 6--8
\JY1/mc/m/n/10 速
 []


Overfull \hbox (9.62216pt too wide) in paragraph at lines 6--8
\JY1/mc/m/n/10 で
 []


Overfull \hbox (9.62216pt too wide) in paragraph at lines 6--8
\JY1/mc/m/n/10 行
 []


Overfull \hbox (9.62216pt too wide) in paragraph at lines 6--8
\JY1/mc/m/n/10 う
 []


Overfull \hbox (9.62216pt too wide) in paragraph at lines 6--8
\JY1/mc/m/n/10 こ
 []


Overfull \hbox (9.62216pt too wide) in paragraph at lines 6--8
\JY1/mc/m/n/10 と
 []


Overfull \hbox (9.62216pt too wide) in paragraph at lines 6--8
\JY1/mc/m/n/10 が
 []


Overfull \hbox (9.62216pt too wide) in paragraph at lines 6--8
\JY1/mc/m/n/10 で
 []


Overfull \hbox (9.62216pt too wide) in paragraph at lines 6--8
\JY1/mc/m/n/10 き
 []


Overfull \hbox (9.62216pt too wide) in paragraph at lines 6--8
\JY1/mc/m/n/10 タ
 []


Overfull \hbox (9.62216pt too wide) in paragraph at lines 6--8
\JY1/mc/m/n/10 ク
 []


Overfull \hbox (9.62216pt too wide) in paragraph at lines 6--8
\JY1/mc/m/n/10 ト
 []


Overfull \hbox (9.62216pt too wide) in paragraph at lines 6--8
\JY1/mc/m/n/10 タ
 []


Overfull \hbox (9.62216pt too wide) in paragraph at lines 6--8
\JY1/mc/m/n/10 イ
 []


Overfull \hbox (9.62216pt too wide) in paragraph at lines 6--8
\JY1/mc/m/n/10 ム
 []


Overfull \hbox (9.62216pt too wide) in paragraph at lines 6--8
\JY1/mc/m/n/10 の
 []


Overfull \hbox (9.62216pt too wide) in paragraph at lines 6--8
\JY1/mc/m/n/10 減
 []


Overfull \hbox (9.62216pt too wide) in paragraph at lines 6--8
\JY1/mc/m/n/10 少
 []


Overfull \hbox (9.62216pt too wide) in paragraph at lines 6--8
\JY1/mc/m/n/10 を
 []


Overfull \hbox (9.62216pt too wide) in paragraph at lines 6--8
\JY1/mc/m/n/10 期
 []


Overfull \hbox (9.62216pt too wide) in paragraph at lines 6--8
\JY1/mc/m/n/10 待
 []


Overfull \hbox (9.62216pt too wide) in paragraph at lines 6--8
\JY1/mc/m/n/10 で
 []


Overfull \hbox (9.62216pt too wide) in paragraph at lines 6--8
\JY1/mc/m/n/10 き
 []


Overfull \hbox (12.65881pt too wide) in paragraph at lines 6--8
\JY1/mc/m/n/10 る ． 
 []


! LaTeX Error: Missing \begin{document}.

See the LaTeX manual or LaTeX Companion for explanation.
Type  H <return>  for immediate help.
 ...                                              
                                                  
l.9 本
      研究では，柔軟な把持を可能にする指をもちはや戻り機能を有するグリッパの...

You're in trouble here.  Try typing  <return>  to proceed.
If that doesn't work, type  X <return>  to quit.


Overfull \hbox (29.62216pt too wide) in paragraph at lines 9--10
[][]\JY1/mc/m/n/10 本
 []


Overfull \hbox (9.62216pt too wide) in paragraph at lines 9--10
\JY1/mc/m/n/10 研
 []


Overfull \hbox (9.62216pt too wide) in paragraph at lines 9--10
\JY1/mc/m/n/10 究
 []


Overfull \hbox (9.62216pt too wide) in paragraph at lines 9--10
\JY1/mc/m/n/10 で
 []


Overfull \hbox (12.65881pt too wide) in paragraph at lines 9--10
\JY1/mc/m/n/10 は ，
 []


Overfull \hbox (9.62216pt too wide) in paragraph at lines 9--10
\JY1/mc/m/n/10 柔
 []


Overfull \hbox (9.62216pt too wide) in paragraph at lines 9--10
\JY1/mc/m/n/10 軟
 []


Overfull \hbox (9.62216pt too wide) in paragraph at lines 9--10
\JY1/mc/m/n/10 な
 []


Overfull \hbox (9.62216pt too wide) in paragraph at lines 9--10
\JY1/mc/m/n/10 把
 []


Overfull \hbox (9.62216pt too wide) in paragraph at lines 9--10
\JY1/mc/m/n/10 持
 []


Overfull \hbox (9.62216pt too wide) in paragraph at lines 9--10
\JY1/mc/m/n/10 を
 []


Overfull \hbox (9.62216pt too wide) in paragraph at lines 9--10
\JY1/mc/m/n/10 可
 []


Overfull \hbox (9.62216pt too wide) in paragraph at lines 9--10
\JY1/mc/m/n/10 能
 []


Overfull \hbox (9.62216pt too wide) in paragraph at lines 9--10
\JY1/mc/m/n/10 に
 []


Overfull \hbox (9.62216pt too wide) in paragraph at lines 9--10
\JY1/mc/m/n/10 す
 []


Overfull \hbox (9.62216pt too wide) in paragraph at lines 9--10
\JY1/mc/m/n/10 る
 []


Overfull \hbox (9.62216pt too wide) in paragraph at lines 9--10
\JY1/mc/m/n/10 指
 []


Overfull \hbox (9.62216pt too wide) in paragraph at lines 9--10
\JY1/mc/m/n/10 を
 []


Overfull \hbox (9.62216pt too wide) in paragraph at lines 9--10
\JY1/mc/m/n/10 も
 []


Overfull \hbox (9.62216pt too wide) in paragraph at lines 9--10
\JY1/mc/m/n/10 ち
 []


Overfull \hbox (9.62216pt too wide) in paragraph at lines 9--10
\JY1/mc/m/n/10 は
 []


Overfull \hbox (9.62216pt too wide) in paragraph at lines 9--10
\JY1/mc/m/n/10 や
 []


Overfull \hbox (9.62216pt too wide) in paragraph at lines 9--10
\JY1/mc/m/n/10 戻
 []


Overfull \hbox (9.62216pt too wide) in paragraph at lines 9--10
\JY1/mc/m/n/10 り
 []


Overfull \hbox (9.62216pt too wide) in paragraph at lines 9--10
\JY1/mc/m/n/10 機
 []


Overfull \hbox (9.62216pt too wide) in paragraph at lines 9--10
\JY1/mc/m/n/10 能
 []


Overfull \hbox (9.62216pt too wide) in paragraph at lines 9--10
\JY1/mc/m/n/10 を
 []


Overfull \hbox (9.62216pt too wide) in paragraph at lines 9--10
\JY1/mc/m/n/10 有
 []


Overfull \hbox (9.62216pt too wide) in paragraph at lines 9--10
\JY1/mc/m/n/10 す
 []


Overfull \hbox (9.62216pt too wide) in paragraph at lines 9--10
\JY1/mc/m/n/10 る
 []


Overfull \hbox (9.62216pt too wide) in paragraph at lines 9--10
\JY1/mc/m/n/10 グ
 []


Overfull \hbox (9.62216pt too wide) in paragraph at lines 9--10
\JY1/mc/m/n/10 リ
 []


Overfull \hbox (7.47433pt too wide) in paragraph at lines 9--10
\JY1/mc/m/n/10 ッ
 []


Overfull \hbox (9.62216pt too wide) in paragraph at lines 9--10
\JY1/mc/m/n/10 パ
 []


Overfull \hbox (9.62216pt too wide) in paragraph at lines 9--10
\JY1/mc/m/n/10 の
 []


Overfull \hbox (9.62216pt too wide) in paragraph at lines 9--10
\JY1/mc/m/n/10 提
 []


Overfull \hbox (9.62216pt too wide) in paragraph at lines 9--10
\JY1/mc/m/n/10 案
 []


Overfull \hbox (9.62216pt too wide) in paragraph at lines 9--10
\JY1/mc/m/n/10 を
 []


Overfull \hbox (9.62216pt too wide) in paragraph at lines 9--10
\JY1/mc/m/n/10 す
 []


Overfull \hbox (12.65881pt too wide) in paragraph at lines 9--10
\JY1/mc/m/n/10 る ． 
 []


! LaTeX Error: \begin{document} ended by \end{abstract}.

See the LaTeX manual or LaTeX Companion for explanation.
Type  H <return>  for immediate help.
 ...                                              
                                                  
l.12 \end{abstract}
                   
Your command was ignored.
Type  I <command> <return>  to replace it with another command,
or  <return>  to continue without it.

)
! Emergency stop.
<*> abstruct.tex
                
*** (job aborted, no legal \end found)

 
Here is how much of TeX's memory you used:
 8 strings out of 493723
 85 string characters out of 6152570
 63285 words of memory out of 5000000
 3646 multiletter control sequences out of 15000+600000
 7511 words of font info for 31 fonts, out of 8000000 for 9000
 929 hyphenation exceptions out of 8191
 16i,4n,10p,258b,108s stack positions out of 5000i,500n,10000p,200000b,80000s
Output written on abstruct.dvi (1 page, 840 bytes).
