This is e-pTeX, Version 3.14159265-p3.6-141210-2.6 (utf8.euc) (TeX Live 2015/Debian) (preloaded format=platex 2019.1.29)  12 FEB 2021 10:25
entering extended mode
 restricted \write18 enabled.
 Source specials enabled.
 %&-line parsing enabled.
**acknowledgement.tex
(./acknowledgement.tex
pLaTeX2e <2006/11/10> (based on LaTeX2e <2016/02/01> patch level 0)
Babel <3.9n> and hyphenation patterns for 80 languages loaded.
! Undefined control sequence.
l.2 \section
            *{謝辞}
The control sequence at the end of the top line
of your error message was never \def'ed. If you have
misspelled it (e.g., `\hobx'), type `I' and the correct
spelling (e.g., `I\hbox'). Otherwise just continue,
and I'll forget about whatever was undefined.


! LaTeX Error: Missing \begin{document}.

See the LaTeX manual or LaTeX Companion for explanation.
Type  H <return>  for immediate help.
 ...                                              
                                                  
l.2 \section*
             {謝辞}
You're in trouble here.  Try typing  <return>  to proceed.
If that doesn't work, type  X <return>  to quit.


Overfull \hbox (25.00002pt too wide) in paragraph at lines 2--3
[][]\OT1/cmr/m/n/10 *
 []


Overfull \hbox (9.62216pt too wide) in paragraph at lines 2--3
\JY1/mc/m/n/10 謝
 []


Overfull \hbox (9.62216pt too wide) in paragraph at lines 2--3
\JY1/mc/m/n/10 辞 
 []


! LaTeX Error: Missing \begin{document}.

See the LaTeX manual or LaTeX Companion for explanation.
Type  H <return>  for immediate help.
 ...                                              
                                                  
l.4 本
      論文作成にあたり御指導下さった九州工業大学オープンイノベーション推進機...

You're in trouble here.  Try typing  <return>  to proceed.
If that doesn't work, type  X <return>  to quit.

)
! Emergency stop.
<*> acknowledgement.tex
                       
*** (job aborted, no legal \end found)

 
Here is how much of TeX's memory you used:
 5 strings out of 493723
 89 string characters out of 6152570
 53724 words of memory out of 5000000
 3644 multiletter control sequences out of 15000+600000
 7511 words of font info for 31 fonts, out of 8000000 for 9000
 929 hyphenation exceptions out of 8191
 6i,0n,4p,318b,14s stack positions out of 5000i,500n,10000p,200000b,80000s
No pages of output.
