This is e-pTeX, Version 3.14159265-p3.6-141210-2.6 (utf8.euc) (TeX Live 2015/Debian) (preloaded format=platex 2019.1.29)  16 FEB 2021 05:55
entering extended mode
 restricted \write18 enabled.
 Source specials enabled.
 %&-line parsing enabled.
**finger.tex
(./finger.tex
pLaTeX2e <2006/11/10> (based on LaTeX2e <2016/02/01> patch level 0)
Babel <3.9n> and hyphenation patterns for 80 languages loaded.
! Undefined control sequence.
l.1 \section
            {構造}
The control sequence at the end of the top line
of your error message was never \def'ed. If you have
misspelled it (e.g., `\hobx'), type `I' and the correct
spelling (e.g., `I\hbox'). Otherwise just continue,
and I'll forget about whatever was undefined.


! LaTeX Error: Missing \begin{document}.

See the LaTeX manual or LaTeX Companion for explanation.
Type  H <return>  for immediate help.
 ...                                              
                                                  
l.1 \section{構
               造}
You're in trouble here.  Try typing  <return>  to proceed.
If that doesn't work, type  X <return>  to quit.

! Undefined control sequence.
l.2 \subsection
               {内骨格型グリッパ}
The control sequence at the end of the top line
of your error message was never \def'ed. If you have
misspelled it (e.g., `\hobx'), type `I' and the correct
spelling (e.g., `I\hbox'). Otherwise just continue,
and I'll forget about whatever was undefined.

! Undefined control sequence.
l.3 本研究で用いた内骨格型グリッパを\refig
                                          {gripper}に示す．このグリッパを以...
The control sequence at the end of the top line
of your error message was never \def'ed. If you have
misspelled it (e.g., `\hobx'), type `I' and the correct
spelling (e.g., `I\hbox'). Otherwise just continue,
and I'll forget about whatever was undefined.


Overfull \hbox (29.62216pt too wide) in paragraph at lines 1--4
[][]\JY1/mc/m/n/10 構
 []


Overfull \hbox (9.62216pt too wide) in paragraph at lines 1--4
\JY1/mc/m/n/10 造
 []


Overfull \hbox (9.62216pt too wide) in paragraph at lines 1--4
\JY1/mc/m/n/10 内
 []


Overfull \hbox (9.62216pt too wide) in paragraph at lines 1--4
\JY1/mc/m/n/10 骨
 []


Overfull \hbox (9.62216pt too wide) in paragraph at lines 1--4
\JY1/mc/m/n/10 格
 []


Overfull \hbox (9.62216pt too wide) in paragraph at lines 1--4
\JY1/mc/m/n/10 型
 []


Overfull \hbox (9.62216pt too wide) in paragraph at lines 1--4
\JY1/mc/m/n/10 グ
 []


Overfull \hbox (9.62216pt too wide) in paragraph at lines 1--4
\JY1/mc/m/n/10 リ
 []


Overfull \hbox (7.47433pt too wide) in paragraph at lines 1--4
\JY1/mc/m/n/10 ッ
 []


Overfull \hbox (9.62216pt too wide) in paragraph at lines 1--4
\JY1/mc/m/n/10 パ
 []


Overfull \hbox (9.62216pt too wide) in paragraph at lines 1--4
\JY1/mc/m/n/10 本
 []


Overfull \hbox (9.62216pt too wide) in paragraph at lines 1--4
\JY1/mc/m/n/10 研
 []


Overfull \hbox (9.62216pt too wide) in paragraph at lines 1--4
\JY1/mc/m/n/10 究
 []


Overfull \hbox (9.62216pt too wide) in paragraph at lines 1--4
\JY1/mc/m/n/10 で
 []


Overfull \hbox (9.62216pt too wide) in paragraph at lines 1--4
\JY1/mc/m/n/10 用
 []


Overfull \hbox (9.62216pt too wide) in paragraph at lines 1--4
\JY1/mc/m/n/10 い
 []


Overfull \hbox (9.62216pt too wide) in paragraph at lines 1--4
\JY1/mc/m/n/10 た
 []


Overfull \hbox (9.62216pt too wide) in paragraph at lines 1--4
\JY1/mc/m/n/10 内
 []


Overfull \hbox (9.62216pt too wide) in paragraph at lines 1--4
\JY1/mc/m/n/10 骨
 []


Overfull \hbox (9.62216pt too wide) in paragraph at lines 1--4
\JY1/mc/m/n/10 格
 []


Overfull \hbox (9.62216pt too wide) in paragraph at lines 1--4
\JY1/mc/m/n/10 型
 []


Overfull \hbox (9.62216pt too wide) in paragraph at lines 1--4
\JY1/mc/m/n/10 グ
 []


Overfull \hbox (9.62216pt too wide) in paragraph at lines 1--4
\JY1/mc/m/n/10 リ
 []


Overfull \hbox (7.47433pt too wide) in paragraph at lines 1--4
\JY1/mc/m/n/10 ッ
 []


Overfull \hbox (9.62216pt too wide) in paragraph at lines 1--4
\JY1/mc/m/n/10 パ
 []


Overfull \hbox (9.62216pt too wide) in paragraph at lines 1--4
\JY1/mc/m/n/10 を
 []


Overfull \hbox (20.58337pt too wide) in paragraph at lines 1--4
\OT1/cmr/m/n/10 grip-
 []


Overfull \hbox (14.19447pt too wide) in paragraph at lines 1--4
\OT1/cmr/m/n/10 per
 []


Overfull \hbox (9.62216pt too wide) in paragraph at lines 1--4
\JY1/mc/m/n/10 に
 []


Overfull \hbox (9.62216pt too wide) in paragraph at lines 1--4
\JY1/mc/m/n/10 示
 []


Overfull \hbox (12.67767pt too wide) in paragraph at lines 1--4
\JY1/mc/m/n/10 す．
 []


Overfull \hbox (9.62216pt too wide) in paragraph at lines 1--4
\JY1/mc/m/n/10 こ
 []


Overfull \hbox (9.62216pt too wide) in paragraph at lines 1--4
\JY1/mc/m/n/10 の
 []


Overfull \hbox (9.62216pt too wide) in paragraph at lines 1--4
\JY1/mc/m/n/10 グ
 []


Overfull \hbox (9.62216pt too wide) in paragraph at lines 1--4
\JY1/mc/m/n/10 リ
 []


Overfull \hbox (7.47433pt too wide) in paragraph at lines 1--4
\JY1/mc/m/n/10 ッ
 []


Overfull \hbox (9.62216pt too wide) in paragraph at lines 1--4
\JY1/mc/m/n/10 パ
 []


Overfull \hbox (9.62216pt too wide) in paragraph at lines 1--4
\JY1/mc/m/n/10 を
 []


Overfull \hbox (9.62216pt too wide) in paragraph at lines 1--4
\JY1/mc/m/n/10 以
 []


Overfull \hbox (9.62216pt too wide) in paragraph at lines 1--4
\JY1/mc/m/n/10 下
 []


Overfull \hbox (9.62216pt too wide) in paragraph at lines 1--4
\JY1/mc/m/n/10 テ
 []


Overfull \hbox (9.62216pt too wide) in paragraph at lines 1--4
\JY1/mc/m/n/10 ル
 []


Overfull \hbox (9.62216pt too wide) in paragraph at lines 1--4
\JY1/mc/m/n/10 セ
 []


Overfull \hbox (9.62216pt too wide) in paragraph at lines 1--4
\JY1/mc/m/n/10 ロ
 []


Overfull \hbox (9.62216pt too wide) in paragraph at lines 1--4
\JY1/mc/m/n/10 グ
 []


Overfull \hbox (9.62216pt too wide) in paragraph at lines 1--4
\JY1/mc/m/n/10 リ
 []


Overfull \hbox (7.47433pt too wide) in paragraph at lines 1--4
\JY1/mc/m/n/10 ッ
 []


Overfull \hbox (9.62216pt too wide) in paragraph at lines 1--4
\JY1/mc/m/n/10 パ
 []


Overfull \hbox (9.62216pt too wide) in paragraph at lines 1--4
\JY1/mc/m/n/10 と
 []


Overfull \hbox (9.62216pt too wide) in paragraph at lines 1--4
\JY1/mc/m/n/10 呼
 []


Overfull \hbox (12.65881pt too wide) in paragraph at lines 1--4
\JY1/mc/m/n/10 ぶ ．
 []


Overfull \hbox (9.62216pt too wide) in paragraph at lines 1--4
\JY1/mc/m/n/10 内
 []


Overfull \hbox (9.62216pt too wide) in paragraph at lines 1--4
\JY1/mc/m/n/10 骨
 []


Overfull \hbox (9.62216pt too wide) in paragraph at lines 1--4
\JY1/mc/m/n/10 格
 []


Overfull \hbox (9.62216pt too wide) in paragraph at lines 1--4
\JY1/mc/m/n/10 部
 []


Overfull \hbox (9.62216pt too wide) in paragraph at lines 1--4
\JY1/mc/m/n/10 分
 []


Overfull \hbox (9.62216pt too wide) in paragraph at lines 1--4
\JY1/mc/m/n/10 が
 []


Overfull \hbox (9.62216pt too wide) in paragraph at lines 1--4
\JY1/mc/m/n/10 左
 []


Overfull \hbox (9.62216pt too wide) in paragraph at lines 1--4
\JY1/mc/m/n/10 右
 []


Overfull \hbox (9.62216pt too wide) in paragraph at lines 1--4
\JY1/mc/m/n/10 に
 []


Overfull \hbox (9.62216pt too wide) in paragraph at lines 1--4
\JY1/mc/m/n/10 開
 []


Overfull \hbox (9.62216pt too wide) in paragraph at lines 1--4
\JY1/mc/m/n/10 閉
 []


Overfull \hbox (9.62216pt too wide) in paragraph at lines 1--4
\JY1/mc/m/n/10 す
 []


Overfull \hbox (9.62216pt too wide) in paragraph at lines 1--4
\JY1/mc/m/n/10 る
 []


Overfull \hbox (9.62216pt too wide) in paragraph at lines 1--4
\JY1/mc/m/n/10 並
 []


Overfull \hbox (9.62216pt too wide) in paragraph at lines 1--4
\JY1/mc/m/n/10 行
 []


Overfull \hbox (9.62216pt too wide) in paragraph at lines 1--4
\JY1/mc/m/n/10 チ
 []


Overfull \hbox (7.47433pt too wide) in paragraph at lines 1--4
\JY1/mc/m/n/10 ャ
 []


Overfull \hbox (7.47433pt too wide) in paragraph at lines 1--4
\JY1/mc/m/n/10 ッ
 []


Overfull \hbox (9.62216pt too wide) in paragraph at lines 1--4
\JY1/mc/m/n/10 ク
 []


Overfull \hbox (9.62216pt too wide) in paragraph at lines 1--4
\JY1/mc/m/n/10 式
 []


Overfull \hbox (9.62216pt too wide) in paragraph at lines 1--4
\JY1/mc/m/n/10 で
 []


Overfull \hbox (9.62216pt too wide) in paragraph at lines 1--4
\JY1/mc/m/n/10 あ
 []


Overfull \hbox (12.65881pt too wide) in paragraph at lines 1--4
\JY1/mc/m/n/10 る ．
 []


Overfull \hbox (9.62216pt too wide) in paragraph at lines 1--4
\JY1/mc/m/n/10 ま
 []


Overfull \hbox (9.62216pt too wide) in paragraph at lines 1--4
\JY1/mc/m/n/10 た
 []


Overfull \hbox (9.62216pt too wide) in paragraph at lines 1--4
\JY1/mc/m/n/10 中
 []


Overfull \hbox (9.62216pt too wide) in paragraph at lines 1--4
\JY1/mc/m/n/10 央
 []


Overfull \hbox (9.62216pt too wide) in paragraph at lines 1--4
\JY1/mc/m/n/10 に
 []


Overfull \hbox (9.62216pt too wide) in paragraph at lines 1--4
\JY1/mc/m/n/10 押
 []


Overfull \hbox (9.62216pt too wide) in paragraph at lines 1--4
\JY1/mc/m/n/10 さ
 []


Overfull \hbox (9.62216pt too wide) in paragraph at lines 1--4
\JY1/mc/m/n/10 え
 []


Overfull \hbox (9.62216pt too wide) in paragraph at lines 1--4
\JY1/mc/m/n/10 指
 []


Overfull \hbox (9.62216pt too wide) in paragraph at lines 1--4
\JY1/mc/m/n/10 と
 []


Overfull \hbox (9.62216pt too wide) in paragraph at lines 1--4
\JY1/mc/m/n/10 い
 []


Overfull \hbox (9.62216pt too wide) in paragraph at lines 1--4
\JY1/mc/m/n/10 う
 []


Overfull \hbox (9.62216pt too wide) in paragraph at lines 1--4
\JY1/mc/m/n/10 把
 []


Overfull \hbox (9.62216pt too wide) in paragraph at lines 1--4
\JY1/mc/m/n/10 持
 []


Overfull \hbox (9.62216pt too wide) in paragraph at lines 1--4
\JY1/mc/m/n/10 時
 []


Overfull \hbox (9.62216pt too wide) in paragraph at lines 1--4
\JY1/mc/m/n/10 に
 []


Overfull \hbox (9.62216pt too wide) in paragraph at lines 1--4
\JY1/mc/m/n/10 対
 []


Overfull \hbox (9.62216pt too wide) in paragraph at lines 1--4
\JY1/mc/m/n/10 象
 []


Overfull \hbox (9.62216pt too wide) in paragraph at lines 1--4
\JY1/mc/m/n/10 物
 []


Overfull \hbox (9.62216pt too wide) in paragraph at lines 1--4
\JY1/mc/m/n/10 を
 []


Overfull \hbox (9.62216pt too wide) in paragraph at lines 1--4
\JY1/mc/m/n/10 上
 []


Overfull \hbox (9.62216pt too wide) in paragraph at lines 1--4
\JY1/mc/m/n/10 方
 []


Overfull \hbox (9.62216pt too wide) in paragraph at lines 1--4
\JY1/mc/m/n/10 か
 []


Overfull \hbox (9.62216pt too wide) in paragraph at lines 1--4
\JY1/mc/m/n/10 ら
 []


Overfull \hbox (9.62216pt too wide) in paragraph at lines 1--4
\JY1/mc/m/n/10 押
 []


Overfull \hbox (9.62216pt too wide) in paragraph at lines 1--4
\JY1/mc/m/n/10 さ
 []


Overfull \hbox (9.62216pt too wide) in paragraph at lines 1--4
\JY1/mc/m/n/10 え
 []


Overfull \hbox (9.62216pt too wide) in paragraph at lines 1--4
\JY1/mc/m/n/10 つ
 []


Overfull \hbox (9.62216pt too wide) in paragraph at lines 1--4
\JY1/mc/m/n/10 け
 []


Overfull \hbox (9.62216pt too wide) in paragraph at lines 1--4
\JY1/mc/m/n/10 る
 []


Overfull \hbox (9.62216pt too wide) in paragraph at lines 1--4
\JY1/mc/m/n/10 は
 []


Overfull \hbox (9.62216pt too wide) in paragraph at lines 1--4
\JY1/mc/m/n/10 た
 []


Overfull \hbox (9.62216pt too wide) in paragraph at lines 1--4
\JY1/mc/m/n/10 ら
 []


Overfull \hbox (9.62216pt too wide) in paragraph at lines 1--4
\JY1/mc/m/n/10 き
 []


Overfull \hbox (9.62216pt too wide) in paragraph at lines 1--4
\JY1/mc/m/n/10 を
 []


Overfull \hbox (9.62216pt too wide) in paragraph at lines 1--4
\JY1/mc/m/n/10 す
 []


Overfull \hbox (9.62216pt too wide) in paragraph at lines 1--4
\JY1/mc/m/n/10 る
 []


Overfull \hbox (9.62216pt too wide) in paragraph at lines 1--4
\JY1/mc/m/n/10 指
 []


Overfull \hbox (9.62216pt too wide) in paragraph at lines 1--4
\JY1/mc/m/n/10 が
 []


Overfull \hbox (9.62216pt too wide) in paragraph at lines 1--4
\JY1/mc/m/n/10 あ
 []


Overfull \hbox (12.65881pt too wide) in paragraph at lines 1--4
\JY1/mc/m/n/10 る ．
 []


Overfull \hbox (9.62216pt too wide) in paragraph at lines 1--4
\JY1/mc/m/n/10 本
 []


Overfull \hbox (9.62216pt too wide) in paragraph at lines 1--4
\JY1/mc/m/n/10 研
 []


Overfull \hbox (9.62216pt too wide) in paragraph at lines 1--4
\JY1/mc/m/n/10 究
 []


Overfull \hbox (9.62216pt too wide) in paragraph at lines 1--4
\JY1/mc/m/n/10 で
 []


Overfull \hbox (9.62216pt too wide) in paragraph at lines 1--4
\JY1/mc/m/n/10 は
 []


Overfull \hbox (9.62216pt too wide) in paragraph at lines 1--4
\JY1/mc/m/n/10 こ
 []


Overfull \hbox (9.62216pt too wide) in paragraph at lines 1--4
\JY1/mc/m/n/10 の
 []


Overfull \hbox (9.62216pt too wide) in paragraph at lines 1--4
\JY1/mc/m/n/10 押
 []


Overfull \hbox (9.62216pt too wide) in paragraph at lines 1--4
\JY1/mc/m/n/10 さ
 []


Overfull \hbox (9.62216pt too wide) in paragraph at lines 1--4
\JY1/mc/m/n/10 え
 []


Overfull \hbox (9.62216pt too wide) in paragraph at lines 1--4
\JY1/mc/m/n/10 指
 []


Overfull \hbox (9.62216pt too wide) in paragraph at lines 1--4
\JY1/mc/m/n/10 は
 []


Overfull \hbox (9.62216pt too wide) in paragraph at lines 1--4
\JY1/mc/m/n/10 使
 []


Overfull \hbox (9.62216pt too wide) in paragraph at lines 1--4
\JY1/mc/m/n/10 用
 []


Overfull \hbox (9.62216pt too wide) in paragraph at lines 1--4
\JY1/mc/m/n/10 し
 []


Overfull \hbox (9.62216pt too wide) in paragraph at lines 1--4
\JY1/mc/m/n/10 て
 []


Overfull \hbox (9.62216pt too wide) in paragraph at lines 1--4
\JY1/mc/m/n/10 い
 []


Overfull \hbox (9.62216pt too wide) in paragraph at lines 1--4
\JY1/mc/m/n/10 な
 []


Overfull \hbox (12.65881pt too wide) in paragraph at lines 1--4
\JY1/mc/m/n/10 い ． 
 []


! LaTeX Error: The font size command \normalsize is not defined:
               there is probably something wrong with the class file.

See the LaTeX manual or LaTeX Companion for explanation.
Type  H <return>  for immediate help.
 ...                                              
                                                  
l.4 
    
Your command was ignored.
Type  I <command> <return>  to replace it with another command,
or  <return>  to continue without it.

[1]

! LaTeX Error: Environment figure undefined.

See the LaTeX manual or LaTeX Companion for explanation.
Type  H <return>  for immediate help.
 ...                                              
                                                  
l.5 \begin{figure}
                  [h]
Your command was ignored.
Type  I <command> <return>  to replace it with another command,
or  <return>  to continue without it.


! LaTeX Error: Missing \begin{document}.

See the LaTeX manual or LaTeX Companion for explanation.
Type  H <return>  for immediate help.
 ...                                              
                                                  
l.5 \begin{figure}[
                   h]
You're in trouble here.  Try typing  <return>  to proceed.
If that doesn't work, type  X <return>  to quit.

! Undefined control sequence.
l.7 \subfloat
             [図面]{\includegraphics[scale=0.6]{../fig/eps/tercelo_fig.eps}}
The control sequence at the end of the top line
of your error message was never \def'ed. If you have
misspelled it (e.g., `\hobx'), type `I' and the correct
spelling (e.g., `I\hbox'). Otherwise just continue,
and I'll forget about whatever was undefined.

! Undefined control sequence.
l.7 \subfloat[図面]{\includegraphics
                                    [scale=0.6]{../fig/eps/tercelo_fig.eps}}
The control sequence at the end of the top line
of your error message was never \def'ed. If you have
misspelled it (e.g., `\hobx'), type `I' and the correct
spelling (e.g., `I\hbox'). Otherwise just continue,
and I'll forget about whatever was undefined.

! Missing $ inserted.
<inserted text> 
                $
l.7 ...ludegraphics[scale=0.6]{../fig/eps/tercelo_
                                                  fig.eps}}
I've inserted a begin-math/end-math symbol since I think
you left one out. Proceed, with fingers crossed.

LaTeX Font Info:    External font `cmex10' loaded for size
(Font)              <7> on input line 7.
LaTeX Font Info:    External font `cmex10' loaded for size
(Font)              <5> on input line 7.
! Extra }, or forgotten $.
l.7 ...hics[scale=0.6]{../fig/eps/tercelo_fig.eps}
                                                  }
I've deleted a group-closing symbol because it seems to be
spurious, as in `$x}$'. But perhaps the } is legitimate and
you forgot something else, as in `\hbox{$x}'. In such cases
the way to recover is to insert both the forgotten and the
deleted material, e.g., by typing `I$}'.

! Extra }, or forgotten $.
l.7 ...ics[scale=0.6]{../fig/eps/tercelo_fig.eps}}
                                                  
I've deleted a group-closing symbol because it seems to be
spurious, as in `$x}$'. But perhaps the } is legitimate and
you forgot something else, as in `\hbox{$x}'. In such cases
the way to recover is to insert both the forgotten and the
deleted material, e.g., by typing `I$}'.

! Undefined control sequence.
l.9 \subfloat
             [3D図]{\includegraphics[scale=0.4]{../fig/eps/tercelo.eps}}
The control sequence at the end of the top line
of your error message was never \def'ed. If you have
misspelled it (e.g., `\hobx'), type `I' and the correct
spelling (e.g., `I\hbox'). Otherwise just continue,
and I'll forget about whatever was undefined.

! Not two-byte family.
l.9 \subfloat[3D図
                  ]{\includegraphics[scale=0.4]{../fig/eps/tercelo.eps}}
IGNORE.

! Undefined control sequence.
l.9 \subfloat[3D図]{\includegraphics
                                    [scale=0.4]{../fig/eps/tercelo.eps}}
The control sequence at the end of the top line
of your error message was never \def'ed. If you have
misspelled it (e.g., `\hobx'), type `I' and the correct
spelling (e.g., `I\hbox'). Otherwise just continue,
and I'll forget about whatever was undefined.

! Undefined control sequence.
l.11 \subfloat
              [実際のグリッパ]{\includegraphics[scale=0.4]{../fig/eps/grippe...
The control sequence at the end of the top line
of your error message was never \def'ed. If you have
misspelled it (e.g., `\hobx'), type `I' and the correct
spelling (e.g., `I\hbox'). Otherwise just continue,
and I'll forget about whatever was undefined.

! Not two-byte family.
l.11 \subfloat[実
                 際のグリッパ]{\includegraphics[scale=0.4]{../fig/eps/grippe...
IGNORE.

! Not two-byte family.
l.11 \subfloat[実際
                   のグリッパ]{\includegraphics[scale=0.4]{../fig/eps/grippe...
IGNORE.

! Not two-byte family.
l.11 \subfloat[実際の
                     グリッパ]{\includegraphics[scale=0.4]{../fig/eps/grippe...
IGNORE.

! Not two-byte family.
l.11 \subfloat[実際のグ
                       リッパ]{\includegraphics[scale=0.4]{../fig/eps/grippe...
IGNORE.

! Not two-byte family.
l.11 \subfloat[実際のグリ
                         ッパ]{\includegraphics[scale=0.4]{../fig/eps/grippe...
IGNORE.

! Not two-byte family.
l.11 \subfloat[実際のグリッ
                           パ]{\includegraphics[scale=0.4]{../fig/eps/grippe...
IGNORE.

! Not two-byte family.
l.11 \subfloat[実際のグリッパ
                             ]{\includegraphics[scale=0.4]{../fig/eps/grippe...
IGNORE.

! Undefined control sequence.
l.11 \subfloat[実際のグリッパ]{\includegraphics
                                               [scale=0.4]{../fig/eps/grippe...
The control sequence at the end of the top line
of your error message was never \def'ed. If you have
misspelled it (e.g., `\hobx'), type `I' and the correct
spelling (e.g., `I\hbox'). Otherwise just continue,
and I'll forget about whatever was undefined.

! Missing $ inserted.
<inserted text> 
                $
l.12 
     
I've inserted a begin-math/end-math symbol since I think
you left one out. Proceed, with fingers crossed.


Overfull \hbox (31.11115pt too wide) in paragraph at lines 5--12
 [][]\OT1/cmr/m/n/10 [h] 
 []


Overfull \hbox (12.39995pt too wide) in paragraph at lines 5--12
 \OT1/cmr/m/n/10 [\JY1/mc/m/n/10 図 
 []


Overfull \hbox (570.37735pt too wide) in paragraph at lines 5--12
 \JY1/mc/m/n/10 面\OT1/cmr/m/n/10 ][scale=0.6]../fig/eps/tercelo$[]\OML/cmm/m/i
t/10 ig:eps \OT1/cmr/m/n/10 [3\OML/cmm/m/it/10 D\OT1/cmr/m/n/10 ^^@][] [^^@^^@^
^@^^@^^@^^@^^@][]$ 
 []


! LaTeX Error: \caption outside float.

See the LaTeX manual or LaTeX Companion for explanation.
Type  H <return>  for immediate help.
 ...                                              
                                                  
l.13 \caption
             {内骨格型グリッパ}
You're in trouble here.  Try typing  <return>  to proceed.
If that doesn't work, type  X <return>  to quit.


! LaTeX Error: Missing \begin{document}.

See the LaTeX manual or LaTeX Companion for explanation.
Type  H <return>  for immediate help.
 ...                                              
                                                  
l.13 \caption{内
                骨格型グリッパ}
You're in trouble here.  Try typing  <return>  to proceed.
If that doesn't work, type  X <return>  to quit.


! LaTeX Error: \begin{document} ended by \end{figure}.

See the LaTeX manual or LaTeX Companion for explanation.
Type  H <return>  for immediate help.
 ...                                              
                                                  
l.15 \end{figure}
                 
Your command was ignored.
Type  I <command> <return>  to replace it with another command,
or  <return>  to continue without it.

! Missing } inserted.
<inserted text> 
                }
l.15 \end{figure}
                 
I've inserted something that you may have forgotten.
(See the <inserted text> above.)
With luck, this will get me unwedged. But if you
really didn't forget anything, try typing `2' now; then
my insertion and my current dilemma will both disappear.

! Missing } inserted.
<inserted text> 
                }
l.15 \end{figure}
                 
I've inserted something that you may have forgotten.
(See the <inserted text> above.)
With luck, this will get me unwedged. But if you
really didn't forget anything, try typing `2' now; then
my insertion and my current dilemma will both disappear.


Overfull \hbox (9.62216pt too wide) in paragraph at lines 13--16
[][]\JY1/mc/m/n/10 内
 []


Overfull \hbox (9.62216pt too wide) in paragraph at lines 13--16
\JY1/mc/m/n/10 骨
 []


Overfull \hbox (9.62216pt too wide) in paragraph at lines 13--16
\JY1/mc/m/n/10 格
 []


Overfull \hbox (9.62216pt too wide) in paragraph at lines 13--16
\JY1/mc/m/n/10 型
 []


Overfull \hbox (9.62216pt too wide) in paragraph at lines 13--16
\JY1/mc/m/n/10 グ
 []


Overfull \hbox (9.62216pt too wide) in paragraph at lines 13--16
\JY1/mc/m/n/10 リ
 []


Overfull \hbox (7.47433pt too wide) in paragraph at lines 13--16
\JY1/mc/m/n/10 ッ
 []


Overfull \hbox (9.62216pt too wide) in paragraph at lines 13--16
\JY1/mc/m/n/10 パ[]
 []

! Undefined control sequence.
l.17 \subsection
                {柔軟指}
The control sequence at the end of the top line
of your error message was never \def'ed. If you have
misspelled it (e.g., `\hobx'), type `I' and the correct
spelling (e.g., `I\hbox'). Otherwise just continue,
and I'll forget about whatever was undefined.


! LaTeX Error: Missing \begin{document}.

See the LaTeX manual or LaTeX Companion for explanation.
Type  H <return>  for immediate help.
 ...                                              
                                                  
l.17 \subsection{柔
                   軟指}
You're in trouble here.  Try typing  <return>  to proceed.
If that doesn't work, type  X <return>  to quit.


Overfull \hbox (29.62216pt too wide) in paragraph at lines 17--19
[][]\JY1/mc/m/n/10 柔
 []


Overfull \hbox (9.62216pt too wide) in paragraph at lines 17--19
\JY1/mc/m/n/10 軟
 []


Overfull \hbox (9.62216pt too wide) in paragraph at lines 17--19
\JY1/mc/m/n/10 指
 []


Overfull \hbox (9.62216pt too wide) in paragraph at lines 17--19
\JY1/mc/m/n/10 本
 []


Overfull \hbox (9.62216pt too wide) in paragraph at lines 17--19
\JY1/mc/m/n/10 研
 []


Overfull \hbox (9.62216pt too wide) in paragraph at lines 17--19
\JY1/mc/m/n/10 究
 []


Overfull \hbox (9.62216pt too wide) in paragraph at lines 17--19
\JY1/mc/m/n/10 で
 []


Overfull \hbox (9.62216pt too wide) in paragraph at lines 17--19
\JY1/mc/m/n/10 は
 []


Overfull \hbox (9.62216pt too wide) in paragraph at lines 17--19
\JY1/mc/m/n/10 検
 []


Overfull \hbox (9.62216pt too wide) in paragraph at lines 17--19
\JY1/mc/m/n/10 証
 []


Overfull \hbox (9.62216pt too wide) in paragraph at lines 17--19
\JY1/mc/m/n/10 に
 []


Overfull \hbox (5.00002pt too wide) in paragraph at lines 17--19
\OT1/cmr/m/n/10 2
 []


Overfull \hbox (9.62216pt too wide) in paragraph at lines 17--19
\JY1/mc/m/n/10 種
 []


Overfull \hbox (9.62216pt too wide) in paragraph at lines 17--19
\JY1/mc/m/n/10 類
 []


Overfull \hbox (9.62216pt too wide) in paragraph at lines 17--19
\JY1/mc/m/n/10 の
 []


Overfull \hbox (9.62216pt too wide) in paragraph at lines 17--19
\JY1/mc/m/n/10 柔
 []


Overfull \hbox (9.62216pt too wide) in paragraph at lines 17--19
\JY1/mc/m/n/10 軟
 []


Overfull \hbox (9.62216pt too wide) in paragraph at lines 17--19
\JY1/mc/m/n/10 指
 []


Overfull \hbox (9.62216pt too wide) in paragraph at lines 17--19
\JY1/mc/m/n/10 を
 []


Overfull \hbox (9.62216pt too wide) in paragraph at lines 17--19
\JY1/mc/m/n/10 用
 []


Overfull \hbox (9.62216pt too wide) in paragraph at lines 17--19
\JY1/mc/m/n/10 い
 []


Overfull \hbox (12.65881pt too wide) in paragraph at lines 17--19
\JY1/mc/m/n/10 た ．
 []


Overfull \hbox (9.62216pt too wide) in paragraph at lines 17--19
\JY1/mc/m/n/10 い
 []


Overfull \hbox (9.62216pt too wide) in paragraph at lines 17--19
\JY1/mc/m/n/10 ず
 []


Overfull \hbox (9.62216pt too wide) in paragraph at lines 17--19
\JY1/mc/m/n/10 れ
 []


Overfull \hbox (9.62216pt too wide) in paragraph at lines 17--19
\JY1/mc/m/n/10 も
 []


Overfull \hbox (9.62216pt too wide) in paragraph at lines 17--19
\JY1/mc/m/n/10 柔
 []


Overfull \hbox (9.62216pt too wide) in paragraph at lines 17--19
\JY1/mc/m/n/10 軟
 []


Overfull \hbox (9.62216pt too wide) in paragraph at lines 17--19
\JY1/mc/m/n/10 な
 []


Overfull \hbox (9.62216pt too wide) in paragraph at lines 17--19
\JY1/mc/m/n/10 把
 []


Overfull \hbox (9.62216pt too wide) in paragraph at lines 17--19
\JY1/mc/m/n/10 持
 []


Overfull \hbox (9.62216pt too wide) in paragraph at lines 17--19
\JY1/mc/m/n/10 部
 []


Overfull \hbox (9.62216pt too wide) in paragraph at lines 17--19
\JY1/mc/m/n/10 に
 []


Overfull \hbox (9.62216pt too wide) in paragraph at lines 17--19
\JY1/mc/m/n/10 ラ
 []


Overfull \hbox (9.62216pt too wide) in paragraph at lines 17--19
\JY1/mc/m/n/10 テ
 []


Overfull \hbox (7.47433pt too wide) in paragraph at lines 17--19
\JY1/mc/m/n/10 ィ
 []


Overfull \hbox (9.62216pt too wide) in paragraph at lines 17--19
\JY1/mc/m/n/10 ス
 []


Overfull \hbox (9.62216pt too wide) in paragraph at lines 17--19
\JY1/mc/m/n/10 構
 []


Overfull \hbox (9.62216pt too wide) in paragraph at lines 17--19
\JY1/mc/m/n/10 造
 []


Overfull \hbox (9.62216pt too wide) in paragraph at lines 17--19
\JY1/mc/m/n/10 を
 []


Overfull \hbox (9.62216pt too wide) in paragraph at lines 17--19
\JY1/mc/m/n/10 有
 []


Overfull \hbox (9.62216pt too wide) in paragraph at lines 17--19
\JY1/mc/m/n/10 し
 []


Overfull \hbox (9.62216pt too wide) in paragraph at lines 17--19
\JY1/mc/m/n/10 て
 []


Overfull \hbox (9.62216pt too wide) in paragraph at lines 17--19
\JY1/mc/m/n/10 い
 []


Overfull \hbox (12.65881pt too wide) in paragraph at lines 17--19
\JY1/mc/m/n/10 る ．
 []


Overfull \hbox (9.62216pt too wide) in paragraph at lines 17--19
\JY1/mc/m/n/10 ラ
 []


Overfull \hbox (9.62216pt too wide) in paragraph at lines 17--19
\JY1/mc/m/n/10 テ
 []


Overfull \hbox (7.47433pt too wide) in paragraph at lines 17--19
\JY1/mc/m/n/10 ィ
 []


Overfull \hbox (9.62216pt too wide) in paragraph at lines 17--19
\JY1/mc/m/n/10 ス
 []


Overfull \hbox (9.62216pt too wide) in paragraph at lines 17--19
\JY1/mc/m/n/10 構
 []


Overfull \hbox (9.62216pt too wide) in paragraph at lines 17--19
\JY1/mc/m/n/10 造
 []


Overfull \hbox (9.62216pt too wide) in paragraph at lines 17--19
\JY1/mc/m/n/10 に
 []


Overfull \hbox (9.62216pt too wide) in paragraph at lines 17--19
\JY1/mc/m/n/10 関
 []


Overfull \hbox (9.62216pt too wide) in paragraph at lines 17--19
\JY1/mc/m/n/10 し
 []


Overfull \hbox (9.62216pt too wide) in paragraph at lines 17--19
\JY1/mc/m/n/10 て
 []


Overfull \hbox (9.62216pt too wide) in paragraph at lines 17--19
\JY1/mc/m/n/10 は
 []


Overfull \hbox (9.62216pt too wide) in paragraph at lines 17--19
\JY1/mc/m/n/10 次
 []


Overfull \hbox (9.62216pt too wide) in paragraph at lines 17--19
\JY1/mc/m/n/10 の
 []


Overfull \hbox (9.62216pt too wide) in paragraph at lines 17--19
\JY1/mc/m/n/10 項
 []


Overfull \hbox (9.62216pt too wide) in paragraph at lines 17--19
\JY1/mc/m/n/10 目
 []


Overfull \hbox (9.62216pt too wide) in paragraph at lines 17--19
\JY1/mc/m/n/10 で
 []


Overfull \hbox (9.62216pt too wide) in paragraph at lines 17--19
\JY1/mc/m/n/10 詳
 []


Overfull \hbox (9.62216pt too wide) in paragraph at lines 17--19
\JY1/mc/m/n/10 し
 []


Overfull \hbox (9.62216pt too wide) in paragraph at lines 17--19
\JY1/mc/m/n/10 く
 []


Overfull \hbox (9.62216pt too wide) in paragraph at lines 17--19
\JY1/mc/m/n/10 述
 []


Overfull \hbox (9.62216pt too wide) in paragraph at lines 17--19
\JY1/mc/m/n/10 べ
 []


Overfull \hbox (12.65881pt too wide) in paragraph at lines 17--19
\JY1/mc/m/n/10 る ．
 []


Overfull \hbox (12.63892pt too wide) in paragraph at lines 17--19
\OT1/cmr/m/n/10 3D
 []


Overfull \hbox (9.62216pt too wide) in paragraph at lines 17--19
\JY1/mc/m/n/10 プ
 []


Overfull \hbox (9.62216pt too wide) in paragraph at lines 17--19
\JY1/mc/m/n/10 リ
 []


Overfull \hbox (9.62216pt too wide) in paragraph at lines 17--19
\JY1/mc/m/n/10 ン
 []


Overfull \hbox (9.62216pt too wide) in paragraph at lines 17--19
\JY1/mc/m/n/10 タ
 []


Overfull \hbox (9.62216pt too wide) in paragraph at lines 17--19
\JY1/mc/m/n/10 で
 []


Overfull \hbox (9.62216pt too wide) in paragraph at lines 17--19
\JY1/mc/m/n/10 作
 []


Overfull \hbox (9.62216pt too wide) in paragraph at lines 17--19
\JY1/mc/m/n/10 成
 []


Overfull \hbox (9.62216pt too wide) in paragraph at lines 17--19
\JY1/mc/m/n/10 し
 []


Overfull \hbox (12.65881pt too wide) in paragraph at lines 17--19
\JY1/mc/m/n/10 た ．
 []


Overfull \hbox (9.62216pt too wide) in paragraph at lines 17--19
\JY1/mc/m/n/10 使
 []


Overfull \hbox (9.62216pt too wide) in paragraph at lines 17--19
\JY1/mc/m/n/10 用
 []


Overfull \hbox (9.62216pt too wide) in paragraph at lines 17--19
\JY1/mc/m/n/10 し
 []


Overfull \hbox (9.62216pt too wide) in paragraph at lines 17--19
\JY1/mc/m/n/10 た
 []


Overfull \hbox (12.63892pt too wide) in paragraph at lines 17--19
\OT1/cmr/m/n/10 3D
 []


Overfull \hbox (9.62216pt too wide) in paragraph at lines 17--19
\JY1/mc/m/n/10 プ
 []


Overfull \hbox (9.62216pt too wide) in paragraph at lines 17--19
\JY1/mc/m/n/10 リ
 []


Overfull \hbox (9.62216pt too wide) in paragraph at lines 17--19
\JY1/mc/m/n/10 ン
 []


Overfull \hbox (9.62216pt too wide) in paragraph at lines 17--19
\JY1/mc/m/n/10 タ
 []


Overfull \hbox (9.62216pt too wide) in paragraph at lines 17--19
\JY1/mc/m/n/10 は
 []


Overfull \hbox (50.41678pt too wide) in paragraph at lines 17--19
\OT1/cmr/m/n/10 KEYENCE
 []


Overfull \hbox (9.62216pt too wide) in paragraph at lines 17--19
\JY1/mc/m/n/10 製
 []


Overfull \hbox (51.3195pt too wide) in paragraph at lines 17--19
\OT1/cmr/m/n/10 AGILISTA-
 []


Overfull \hbox (20.00006pt too wide) in paragraph at lines 17--19
\OT1/cmr/m/n/10 3200
 []


Overfull \hbox (9.62216pt too wide) in paragraph at lines 17--19
\JY1/mc/m/n/10 を
 []


Overfull \hbox (9.62216pt too wide) in paragraph at lines 17--19
\JY1/mc/m/n/10 用
 []


Overfull \hbox (9.62216pt too wide) in paragraph at lines 17--19
\JY1/mc/m/n/10 い
 []


Overfull \hbox (12.65881pt too wide) in paragraph at lines 17--19
\JY1/mc/m/n/10 た ．
 []


Overfull \hbox (9.62216pt too wide) in paragraph at lines 17--19
\JY1/mc/m/n/10 材
 []


Overfull \hbox (9.62216pt too wide) in paragraph at lines 17--19
\JY1/mc/m/n/10 質
 []


Overfull \hbox (9.62216pt too wide) in paragraph at lines 17--19
\JY1/mc/m/n/10 は
 []


Overfull \hbox (18.19446pt too wide) in paragraph at lines 17--19
\OT1/cmr/m/n/10 AR-
 []


Overfull \hbox (33.85832pt too wide) in paragraph at lines 17--19
\OT1/cmr/m/n/10 G1H(\JY1/mc/m/n/10 高
 []


Overfull \hbox (9.62216pt too wide) in paragraph at lines 17--19
\JY1/mc/m/n/10 硬
 []


Overfull \hbox (9.62216pt too wide) in paragraph at lines 17--19
\JY1/mc/m/n/10 度
 []


Overfull \hbox (9.62216pt too wide) in paragraph at lines 17--19
\JY1/mc/m/n/10 シ
 []


Overfull \hbox (9.62216pt too wide) in paragraph at lines 17--19
\JY1/mc/m/n/10 リ
 []


Overfull \hbox (9.62216pt too wide) in paragraph at lines 17--19
\JY1/mc/m/n/10 コ
 []


Overfull \hbox (13.51106pt too wide) in paragraph at lines 17--19
\JY1/mc/m/n/10 ン\OT1/cmr/m/n/10 )
 []


Overfull \hbox (9.62216pt too wide) in paragraph at lines 17--19
\JY1/mc/m/n/10 と
 []


Overfull \hbox (9.62216pt too wide) in paragraph at lines 17--19
\JY1/mc/m/n/10 し
 []


Overfull \hbox (12.65881pt too wide) in paragraph at lines 17--19
\JY1/mc/m/n/10 た ．
 []


Overfull \hbox (9.62216pt too wide) in paragraph at lines 17--19
\JY1/mc/m/n/10 こ
 []


Overfull \hbox (9.62216pt too wide) in paragraph at lines 17--19
\JY1/mc/m/n/10 の
 []


Overfull \hbox (9.62216pt too wide) in paragraph at lines 17--19
\JY1/mc/m/n/10 材
 []


Overfull \hbox (9.62216pt too wide) in paragraph at lines 17--19
\JY1/mc/m/n/10 質
 []


Overfull \hbox (9.62216pt too wide) in paragraph at lines 17--19
\JY1/mc/m/n/10 は
 []


Overfull \hbox (9.62216pt too wide) in paragraph at lines 17--19
\JY1/mc/m/n/10 シ
 []


Overfull \hbox (7.47433pt too wide) in paragraph at lines 17--19
\JY1/mc/m/n/10 ョ
 []


Overfull \hbox (9.62216pt too wide) in paragraph at lines 17--19
\JY1/mc/m/n/10 ア
 []


Overfull \hbox (9.62216pt too wide) in paragraph at lines 17--19
\JY1/mc/m/n/10 硬
 []


Overfull \hbox (9.62216pt too wide) in paragraph at lines 17--19
\JY1/mc/m/n/10 さ
 []


Overfull \hbox (9.62216pt too wide) in paragraph at lines 17--19
\JY1/mc/m/n/10 が
 []


Overfull \hbox (10.00003pt too wide) in paragraph at lines 17--19
\OT1/cmr/m/n/10 35
 []


Overfull \hbox (9.62216pt too wide) in paragraph at lines 17--19
\JY1/mc/m/n/10 で
 []


Overfull \hbox (9.62216pt too wide) in paragraph at lines 17--19
\JY1/mc/m/n/10 あ
 []


Overfull \hbox (12.65881pt too wide) in paragraph at lines 17--19
\JY1/mc/m/n/10 る ．
 []


Overfull \hbox (9.62216pt too wide) in paragraph at lines 17--19
\JY1/mc/m/n/10 主
 []


Overfull \hbox (9.62216pt too wide) in paragraph at lines 17--19
\JY1/mc/m/n/10 成
 []


Overfull \hbox (9.62216pt too wide) in paragraph at lines 17--19
\JY1/mc/m/n/10 分
 []


Overfull \hbox (9.62216pt too wide) in paragraph at lines 17--19
\JY1/mc/m/n/10 は
 []


Overfull \hbox (9.62216pt too wide) in paragraph at lines 17--19
\JY1/mc/m/n/10 シ
 []


Overfull \hbox (9.62216pt too wide) in paragraph at lines 17--19
\JY1/mc/m/n/10 リ
 []


Overfull \hbox (9.62216pt too wide) in paragraph at lines 17--19
\JY1/mc/m/n/10 コ
 []


Overfull \hbox (12.65881pt too wide) in paragraph at lines 17--19
\JY1/mc/m/n/10 ン ，
 []


Overfull \hbox (9.62216pt too wide) in paragraph at lines 17--19
\JY1/mc/m/n/10 ア
 []


Overfull \hbox (9.62216pt too wide) in paragraph at lines 17--19
\JY1/mc/m/n/10 ク
 []


Overfull \hbox (9.62216pt too wide) in paragraph at lines 17--19
\JY1/mc/m/n/10 リ
 []


Overfull \hbox (9.62216pt too wide) in paragraph at lines 17--19
\JY1/mc/m/n/10 ル
 []


Overfull \hbox (9.62216pt too wide) in paragraph at lines 17--19
\JY1/mc/m/n/10 モ
 []


Overfull \hbox (9.62216pt too wide) in paragraph at lines 17--19
\JY1/mc/m/n/10 ノ
 []


Overfull \hbox (18.74432pt too wide) in paragraph at lines 17--19
\JY1/mc/m/n/10 マ ー
 []


Overfull \hbox (9.62216pt too wide) in paragraph at lines 17--19
\JY1/mc/m/n/10 で
 []


Overfull \hbox (9.62216pt too wide) in paragraph at lines 17--19
\JY1/mc/m/n/10 あ
 []


Overfull \hbox (12.65881pt too wide) in paragraph at lines 17--19
\JY1/mc/m/n/10 る ． 
 []

! Undefined control sequence.
l.20 \subsubsection
                   {通常柔軟指}
The control sequence at the end of the top line
of your error message was never \def'ed. If you have
misspelled it (e.g., `\hobx'), type `I' and the correct
spelling (e.g., `I\hbox'). Otherwise just continue,
and I'll forget about whatever was undefined.


! LaTeX Error: Missing \begin{document}.

See the LaTeX manual or LaTeX Companion for explanation.
Type  H <return>  for immediate help.
 ...                                              
                                                  
l.20 \subsubsection{通
                      常柔軟指}
You're in trouble here.  Try typing  <return>  to proceed.
If that doesn't work, type  X <return>  to quit.

! Undefined control sequence.
l.21 通常柔軟指のCADモデルを\refig
                                  {soft_finger_CAD}に実際に作成した指を\refi...
The control sequence at the end of the top line
of your error message was never \def'ed. If you have
misspelled it (e.g., `\hobx'), type `I' and the correct
spelling (e.g., `I\hbox'). Otherwise just continue,
and I'll forget about whatever was undefined.

! Missing $ inserted.
<inserted text> 
                $
l.21 通常柔軟指のCADモデルを\refig{soft_
                                        finger_CAD}に実際に作成した指を\refi...
I've inserted a begin-math/end-math symbol since I think
you left one out. Proceed, with fingers crossed.

! Extra }, or forgotten $.
l.21 ...柔軟指のCADモデルを\refig{soft_finger_CAD}
                                                  に実際に作成した指を\refig...
I've deleted a group-closing symbol because it seems to be
spurious, as in `$x}$'. But perhaps the } is legitimate and
you forgot something else, as in `\hbox{$x}'. In such cases
the way to recover is to insert both the forgotten and the
deleted material, e.g., by typing `I$}'.

! Not two-byte family.
l.21 ...軟指のCADモデルを\refig{soft_finger_CAD}に
                                                  実際に作成した指を\refig{s...
IGNORE.

! Not two-byte family.
l.21 ...指のCADモデルを\refig{soft_finger_CAD}に実
                                                  際に作成した指を\refig{sof...
IGNORE.

! Not two-byte family.
l.21 ...のCADモデルを\refig{soft_finger_CAD}に実際
                                                  に作成した指を\refig{soft_...
IGNORE.

! Not two-byte family.
l.21 ...CADモデルを\refig{soft_finger_CAD}に実際に
                                                  作成した指を\refig{soft_fi...
IGNORE.

! Not two-byte family.
l.21 ...Dモデルを\refig{soft_finger_CAD}に実際に作
                                                  成した指を\refig{soft_fing...
IGNORE.

! Not two-byte family.
l.21 ...デルを\refig{soft_finger_CAD}に実際に作成
                                                 した指を\refig{soft_finger}に
IGNORE.

! Not two-byte family.
l.21 ...ルを\refig{soft_finger_CAD}に実際に作成し
                                                 た指を\refig{soft_finger}に示
IGNORE.

! Not two-byte family.
l.21 ...を\refig{soft_finger_CAD}に実際に作成した
                                                 指を\refig{soft_finger}に示す
IGNORE.

! Not two-byte family.
l.21 ...\refig{soft_finger_CAD}に実際に作成した指
                                                 を\refig{soft_finger}に示す．
IGNORE.

! Not two-byte family.
l.21 ...refig{soft_finger_CAD}に実際に作成した指を
                                                  \refig{soft_finger}に示す...
IGNORE.

! Undefined control sequence.
l.21 ...soft_finger_CAD}に実際に作成した指を\refig
                                                  {soft_finger}に示す．この...
The control sequence at the end of the top line
of your error message was never \def'ed. If you have
misspelled it (e.g., `\hobx'), type `I' and the correct
spelling (e.g., `I\hbox'). Otherwise just continue,
and I'll forget about whatever was undefined.

! Not two-byte family.
l.21 ...}に実際に作成した指を\refig{soft_finger}に
                                                  示す．この指は元々テルセロ...
IGNORE.

! Not two-byte family.
l.21 ...実際に作成した指を\refig{soft_finger}に示
                                                 す．この指は元々テルセログリッ
IGNORE.

! Not two-byte family.
l.21 ...際に作成した指を\refig{soft_finger}に示す
                                                 ．この指は元々テルセログリッパ
IGNORE.

! Not two-byte family.
l.21 ...に作成した指を\refig{soft_finger}に示す．
                                                 この指は元々テルセログリッパに
IGNORE.

! Not two-byte family.
l.21 ...作成した指を\refig{soft_finger}に示す．こ
                                                 の指は元々テルセログリッパに専
IGNORE.

! Not two-byte family.
l.21 ...成した指を\refig{soft_finger}に示す．この
                                                 指は元々テルセログリッパに専用
IGNORE.

! Not two-byte family.
l.21 ...した指を\refig{soft_finger}に示す．この指
                                                 は元々テルセログリッパに専用設
IGNORE.

! Not two-byte family.
l.21 ...た指を\refig{soft_finger}に示す．この指は
                                                 元々テルセログリッパに専用設計
IGNORE.

! Not two-byte family.
l.21 ...指を\refig{soft_finger}に示す．この指は元
                                                 々テルセログリッパに専用設計さ
IGNORE.

! Not two-byte family.
l.21 ...を\refig{soft_finger}に示す．この指は元々
                                                 テルセログリッパに専用設計され
IGNORE.

! Not two-byte family.
l.21 ...\refig{soft_finger}に示す．この指は元々テ
                                                 ルセログリッパに専用設計された
IGNORE.

! Not two-byte family.
l.21 ...refig{soft_finger}に示す．この指は元々テル
                                                  セログリッパに専用設計され...
IGNORE.

! Not two-byte family.
l.21 ...fig{soft_finger}に示す．この指は元々テルセ
                                                  ログリッパに専用設計された...
IGNORE.

! Not two-byte family.
l.21 ...g{soft_finger}に示す．この指は元々テルセロ
                                                  グリッパに専用設計された指...
IGNORE.

! Not two-byte family.
l.21 ...soft_finger}に示す．この指は元々テルセログ
                                                  リッパに専用設計された指で...
IGNORE.

! Not two-byte family.
l.21 ...ft_finger}に示す．この指は元々テルセログリ
                                                  ッパに専用設計された指であ...
IGNORE.

! Not two-byte family.
l.21 ..._finger}に示す．この指は元々テルセログリッ
                                                  パに専用設計された指である...
IGNORE.

! Not two-byte family.
l.21 ...inger}に示す．この指は元々テルセログリッパ
                                                  に専用設計された指であるた...
IGNORE.

! Not two-byte family.
l.21 ...ger}に示す．この指は元々テルセログリッパに
                                                  専用設計された指であるため...
IGNORE.

! Not two-byte family.
l.21 ...r}に示す．この指は元々テルセログリッパに専
                                                  用設計された指であるため通...
IGNORE.

! Not two-byte family.
l.21 ...に示す．この指は元々テルセログリッパに専用
                                                  設計された指であるため通常...
IGNORE.

! Not two-byte family.
l.21 ...示す．この指は元々テルセログリッパに専用設
                                                  計された指であるため通常指...
IGNORE.

! Not two-byte family.
l.21 ...す．この指は元々テルセログリッパに専用設計
                                                  された指であるため通常指と...
IGNORE.

! Not two-byte family.
l.21 ...．この指は元々テルセログリッパに専用設計さ
                                                  れた指であるため通常指と呼...
IGNORE.

! Not two-byte family.
l.21 ...この指は元々テルセログリッパに専用設計され
                                                  た指であるため通常指と呼ん...
IGNORE.

! Not two-byte family.
l.21 ...の指は元々テルセログリッパに専用設計された
                                                  指であるため通常指と呼んで...
IGNORE.

! Not two-byte family.
l.21 ...指は元々テルセログリッパに専用設計された指
                                                  であるため通常指と呼んでい...
IGNORE.

! Not two-byte family.
l.21 ...は元々テルセログリッパに専用設計された指で
                                                  あるため通常指と呼んでいる...
IGNORE.

! Not two-byte family.
l.21 ...元々テルセログリッパに専用設計された指であ
                                                  るため通常指と呼んでいる．...
IGNORE.

! Not two-byte family.
l.21 ...々テルセログリッパに専用設計された指である
                                                  ため通常指と呼んでいる．指...
IGNORE.

! Not two-byte family.
l.21 ...テルセログリッパに専用設計された指であるた
                                                  め通常指と呼んでいる．指上...
IGNORE.

! Not two-byte family.
l.21 ...ルセログリッパに専用設計された指であるため
                                                  通常指と呼んでいる．指上部...
IGNORE.

! Not two-byte family.
l.21 ...セログリッパに専用設計された指であるため通
                                                  常指と呼んでいる．指上部に...
IGNORE.

! Not two-byte family.
l.21 ...ログリッパに専用設計された指であるため通常
                                                  指と呼んでいる．指上部にス...
IGNORE.

! Not two-byte family.
l.21 ...グリッパに専用設計された指であるため通常指
                                                  と呼んでいる．指上部にスリ...
IGNORE.

! Not two-byte family.
l.21 ...リッパに専用設計された指であるため通常指と
                                                  呼んでいる．指上部にスリッ...
IGNORE.

! Not two-byte family.
l.21 ...ッパに専用設計された指であるため通常指と呼
                                                  んでいる．指上部にスリット...
IGNORE.

! Not two-byte family.
l.21 ...パに専用設計された指であるため通常指と呼ん
                                                  でいる．指上部にスリットが...
IGNORE.

! Not two-byte family.
l.21 ...に専用設計された指であるため通常指と呼んで
                                                  いる．指上部にスリットが設...
IGNORE.

! Not two-byte family.
l.21 ...専用設計された指であるため通常指と呼んでい
                                                  る．指上部にスリットが設け...
IGNORE.

! Not two-byte family.
l.21 ...用設計された指であるため通常指と呼んでいる
                                                  ．指上部にスリットが設けら...
IGNORE.

! Not two-byte family.
l.21 ...設計された指であるため通常指と呼んでいる．
                                                  指上部にスリットが設けられ...
IGNORE.

! Not two-byte family.
l.21 ...計された指であるため通常指と呼んでいる．指
                                                  上部にスリットが設けられ力...
IGNORE.

! Not two-byte family.
l.21 ...された指であるため通常指と呼んでいる．指上
                                                  部にスリットが設けられ力覚...
IGNORE.

! Not two-byte family.
l.21 ...れた指であるため通常指と呼んでいる．指上部
                                                  にスリットが設けられ力覚セ...
IGNORE.

! Not two-byte family.
l.21 ...た指であるため通常指と呼んでいる．指上部に
                                                  スリットが設けられ力覚セン...
IGNORE.

! Not two-byte family.
l.21 ...指であるため通常指と呼んでいる．指上部にス
                                                  リットが設けられ力覚センサ...
IGNORE.

! Not two-byte family.
l.21 ...であるため通常指と呼んでいる．指上部にスリ
                                                  ットが設けられ力覚センサを...
IGNORE.

! Not two-byte family.
l.21 ...あるため通常指と呼んでいる．指上部にスリッ
                                                  トが設けられ力覚センサを通...
IGNORE.

! Not two-byte family.
l.21 ...るため通常指と呼んでいる．指上部にスリット
                                                  が設けられ力覚センサを通す...
IGNORE.

! Not two-byte family.
l.21 ...ため通常指と呼んでいる．指上部にスリットが
                                                  設けられ力覚センサを通すた...
IGNORE.

! Not two-byte family.
l.21 ...め通常指と呼んでいる．指上部にスリットが設
                                                  けられ力覚センサを通すため...
IGNORE.

! Not two-byte family.
l.21 ...通常指と呼んでいる．指上部にスリットが設け
                                                  られ力覚センサを通すために...
IGNORE.

! Not two-byte family.
l.21 ...常指と呼んでいる．指上部にスリットが設けら
                                                  れ力覚センサを通すために使...
IGNORE.

! Not two-byte family.
l.21 ...指と呼んでいる．指上部にスリットが設けられ
                                                  力覚センサを通すために使わ...
IGNORE.

! Not two-byte family.
l.21 ...と呼んでいる．指上部にスリットが設けられ力
                                                  覚センサを通すために使われ...
IGNORE.

! Not two-byte family.
l.21 ...呼んでいる．指上部にスリットが設けられ力覚
                                                  センサを通すために使われる．
IGNORE.

! Not two-byte family.
l.21 ...んでいる．指上部にスリットが設けられ力覚セ
                                                  ンサを通すために使われる．
IGNORE.

! Not two-byte family.
l.21 ...でいる．指上部にスリットが設けられ力覚セン
                                                  サを通すために使われる．
IGNORE.

! Not two-byte family.
l.21 ...いる．指上部にスリットが設けられ力覚センサ
                                                  を通すために使われる．
IGNORE.

! Not two-byte family.
l.21 ...る．指上部にスリットが設けられ力覚センサを
                                                  通すために使われる．
IGNORE.

! Not two-byte family.
l.21 ...．指上部にスリットが設けられ力覚センサを通
                                                  すために使われる．
IGNORE.

! Not two-byte family.
l.21 ...指上部にスリットが設けられ力覚センサを通す
                                                  ために使われる．
IGNORE.

! Not two-byte family.
l.21 ...上部にスリットが設けられ力覚センサを通すた
                                                  めに使われる．
IGNORE.

! Not two-byte family.
l.21 ...部にスリットが設けられ力覚センサを通すため
                                                  に使われる．
IGNORE.

! Not two-byte family.
l.21 ...にスリットが設けられ力覚センサを通すために
                                                  使われる．
IGNORE.

! Not two-byte family.
l.21 ...スリットが設けられ力覚センサを通すために使
                                                  われる．
IGNORE.

! Not two-byte family.
l.21 ...リットが設けられ力覚センサを通すために使わ
                                                  れる．
IGNORE.

! Not two-byte family.
l.21 ...ットが設けられ力覚センサを通すために使われ
                                                  る．
IGNORE.

! Not two-byte family.
l.21 ...トが設けられ力覚センサを通すために使われる
                                                  ．
IGNORE.

! Not two-byte family.
l.21 ...が設けられ力覚センサを通すために使われる．
                                                  
IGNORE.


! LaTeX Error: Environment figure undefined.

See the LaTeX manual or LaTeX Companion for explanation.
Type  H <return>  for immediate help.
 ...                                              
                                                  
l.22 \begin{figure}
                   [h]
Your command was ignored.
Type  I <command> <return>  to replace it with another command,
or  <return>  to continue without it.

! Undefined control sequence.
l.24 \subfloat
              [正面]{\includegraphics[scale=0.4]{../fig/eps/sf_cad_front.eps}}
The control sequence at the end of the top line
of your error message was never \def'ed. If you have
misspelled it (e.g., `\hobx'), type `I' and the correct
spelling (e.g., `I\hbox'). Otherwise just continue,
and I'll forget about whatever was undefined.

! Not two-byte family.
l.24 \subfloat[正
                 面]{\includegraphics[scale=0.4]{../fig/eps/sf_cad_front.eps}}
IGNORE.

! Not two-byte family.
l.24 \subfloat[正面
                   ]{\includegraphics[scale=0.4]{../fig/eps/sf_cad_front.eps}}
IGNORE.

! Undefined control sequence.
l.24 \subfloat[正面]{\includegraphics
                                     [scale=0.4]{../fig/eps/sf_cad_front.eps}}
The control sequence at the end of the top line
of your error message was never \def'ed. If you have
misspelled it (e.g., `\hobx'), type `I' and the correct
spelling (e.g., `I\hbox'). Otherwise just continue,
and I'll forget about whatever was undefined.

! Undefined control sequence.
l.26 \subfloat
              [断面図]{\includegraphics[scale=0.4]{../fig/eps/sf_cad_side.eps}}
The control sequence at the end of the top line
of your error message was never \def'ed. If you have
misspelled it (e.g., `\hobx'), type `I' and the correct
spelling (e.g., `I\hbox'). Otherwise just continue,
and I'll forget about whatever was undefined.

! Not two-byte family.
l.26 \subfloat[断
                 面図]{\includegraphics[scale=0.4]{../fig/eps/sf_cad_side.eps}}
IGNORE.

! Not two-byte family.
l.26 \subfloat[断面
                   図]{\includegraphics[scale=0.4]{../fig/eps/sf_cad_side.eps}}
IGNORE.

! Not two-byte family.
l.26 \subfloat[断面図
                     ]{\includegraphics[scale=0.4]{../fig/eps/sf_cad_side.eps}}
IGNORE.

! Undefined control sequence.
l.26 \subfloat[断面図]{\includegraphics
                                       [scale=0.4]{../fig/eps/sf_cad_side.eps}}
The control sequence at the end of the top line
of your error message was never \def'ed. If you have
misspelled it (e.g., `\hobx'), type `I' and the correct
spelling (e.g., `I\hbox'). Otherwise just continue,
and I'll forget about whatever was undefined.


! LaTeX Error: \caption outside float.

See the LaTeX manual or LaTeX Companion for explanation.
Type  H <return>  for immediate help.
 ...                                              
                                                  
l.27 \caption
             {通常柔軟指CADモデル}
You're in trouble here.  Try typing  <return>  to proceed.
If that doesn't work, type  X <return>  to quit.

! Not two-byte family.
l.27 \caption{通
                常柔軟指CADモデル}
IGNORE.

! Not two-byte family.
l.27 \caption{通常
                  柔軟指CADモデル}
(That makes 100 errors; please try again.) 
Here is how much of TeX's memory you used:
 10 strings out of 493723
 97 string characters out of 6152570
 59119 words of memory out of 5000000
 3648 multiletter control sequences out of 15000+600000
 7511 words of font info for 31 fonts, out of 8000000 for 9000
 929 hyphenation exceptions out of 8191
 18i,4n,12p,330b,106s stack positions out of 5000i,500n,10000p,200000b,80000s

Output written on finger.dvi (1 page, 884 bytes).
